============================================================
  Generated by:           Genus(TM) Synthesis Solution 18.14-s037_1
  Generated on:           Apr 21 2025  03:50:16 pm
  Module:                 BitAND_16b_flopped
  Technology library:     NangateOpenCellLibrary revision 1.0
  Operating conditions:   typical 
  Interconnect mode:      global
  Area mode:              physical library
============================================================

                                Leakage  
  Gate    Instances    Area   Power (nW)          Library          
-------------------------------------------------------------------
AND2_X1         186   197.904   4662.227    NangateOpenCellLibrary 
AOI21_X1          2     2.128     52.313    NangateOpenCellLibrary 
DFF_X1          142   642.124  11256.909    NangateOpenCellLibrary 
FA_X1           192   817.152  12255.980    NangateOpenCellLibrary 
HA_X1            16    42.560    873.267    NangateOpenCellLibrary 
INV_X1            4     2.128     66.201    NangateOpenCellLibrary 
NAND2_X1         38    30.324    666.372    NangateOpenCellLibrary 
NAND3_X1          4     4.256    123.404    NangateOpenCellLibrary 
NOR2_X1          46    36.708    971.983    NangateOpenCellLibrary 
OAI21_X1         12    12.768    374.127    NangateOpenCellLibrary 
OR2_X1            4     4.256     96.843    NangateOpenCellLibrary 
XNOR2_X1         64   102.144   2399.589    NangateOpenCellLibrary 
XOR2_X1          12    19.152    424.629    NangateOpenCellLibrary 
-------------------------------------------------------------------
total           722  1913.604  34223.842                           


                                           Leakage  Leakage 
     Type      Instances   Area   Area % Power (nW) Power % 
------------------------------------------------------------
sequential           142  642.124   33.6  11256.909    32.9 
inverter               4    2.128    0.1     66.201     0.2 
logic                576 1269.352   66.3  22900.733    66.9 
physical_cells         0    0.000    0.0      0.000     0.0 
------------------------------------------------------------
total                722 1913.604  100.0  34223.842   100.0 

