
Power Net Detected:
    Voltage	    Name
    0.00V	    VSSE
    0.00V	    VSSPST
    0.00V	    VPW
    0.00V	    VSS
    0.00V	    VDDPE
    0.00V	    VDDCE
    0.00V	    POC
    0.00V	    VDDPST
    0.00V	    VNW
    1.10V	    VDD
Using Power View: analysis_default.
Starting SI iteration 1 using Infinite Timing Windows
#################################################################################
# Design Stage: PostRoute
# Design Name: BitAND_16b_flopped
# Design Mode: 45nm
# Analysis Mode: MMMC OCV 
# Parasitics Mode: No SPEF/RCDB
# Signoff Settings: SI On 
#################################################################################
Extraction called for design 'BitAND_16b_flopped' of instances=2648 and nets=1184 using extraction engine 'post_route' at effort level 'low' .
post_route (extract_rc_effort_level low) RC Extraction called for design BitAND_16b_flopped.
RC Extraction called in multi-corner(1) mode.
Process corner(s) are loaded.
 Corner: typical
extractDetailRC Option : -outfile /tmp/innovus_temp_331670_ece031.ece.local.cmu.edu_dchinmay_xsYzEU/BitAND_16b_flopped_331670_CzL2Ll.rcdb.d  -extended
RC Mode: PostRoute extract_rc_effort_level low [Extended CapTable, RC Table Resistances]
      RC Corner Indexes            0   
Capacitance Scaling Factor   : 1.00000 
Coupling Cap. Scaling Factor : 1.00000 
Resistance Scaling Factor    : 1.00000 
Clock Cap. Scaling Factor    : 1.00000 
Clock Res. Scaling Factor    : 1.00000 
Shrink Factor                : 1.00000
Initializing multi-corner capacitance tables ... 
Initializing multi-corner resistance tables ...
Checking LVS Completed (CPU Time= 0:00:00.0  MEM= 977.8M)
Extracted 10.0146% (CPU Time= 0:00:00.2  MEM= 1040.3M)
Extracted 20.0159% (CPU Time= 0:00:00.2  MEM= 1041.3M)
Extracted 30.0172% (CPU Time= 0:00:00.2  MEM= 1041.3M)
Extracted 40.0186% (CPU Time= 0:00:00.2  MEM= 1041.3M)
Extracted 50.0199% (CPU Time= 0:00:00.2  MEM= 1041.3M)
Extracted 60.0212% (CPU Time= 0:00:00.2  MEM= 1041.3M)
Extracted 70.0225% (CPU Time= 0:00:00.2  MEM= 1041.3M)
Extracted 80.0239% (CPU Time= 0:00:00.2  MEM= 1041.3M)
Extracted 90.0252% (CPU Time= 0:00:00.3  MEM= 1042.3M)
Extracted 100% (CPU Time= 0:00:00.3  MEM= 1042.3M)
Number of Extracted Resistors     : 12262
Number of Extracted Ground Cap.   : 13249
Number of Extracted Coupling Cap. : 25006
Filtering XCap in 'relativeAndCoupling' mode using values coupling_c_threshold=0.1fF, relative_c_threshold=1, and total_c_threshold=0fF.
 Corner: typical
Checking LVS Completed (CPU Time= 0:00:00.0  MEM= 1024.3M)
PostRoute (extract_rc_effort_level low) RC Extraction DONE (CPU Time: 0:00:00.4  Real Time: 0:00:02.0  MEM: 1024.285M)
AAE_INFO: 1 threads acquired from CTE.
Calculate early delays in OCV mode...
Calculate late delays in OCV mode...
Start delay calculation (fullDC) (1 T). (MEM=1024.29)
Initializing multi-corner capacitance tables ... 
Initializing multi-corner resistance tables ...
AAE_INFO: 1 threads acquired from CTE.
Total number of fetched objects 1174
AAE_INFO: Total number of nets for which stage creation was skipped for all views 0
AAE_INFO-618: Total number of nets in the design is 1184,  99.0 percent of the nets selected for SI analysis
Total number of fetched objects 1174
AAE_INFO: Total number of nets for which stage creation was skipped for all views 0
AAE_INFO-618: Total number of nets in the design is 1184,  99.0 percent of the nets selected for SI analysis
End delay calculation. (MEM=1107.36 CPU=0:00:00.6 REAL=0:00:01.0)
End delay calculation (fullDC). (MEM=1107.36 CPU=0:00:01.4 REAL=0:00:02.0)
Loading CTE timing window with TwFlowType 0...(CPU = 0:00:00.0, REAL = 0:00:00.0, MEM = 1099.4M)
Add other clocks and setupCteToAAEClockMapping during iter 1
Loading CTE timing window is completed (CPU = 0:00:00.0, REAL = 0:00:00.0, MEM = 1099.4M)
Starting SI iteration 2
Calculate early delays in OCV mode...
Calculate late delays in OCV mode...
Start delay calculation (fullDC) (1 T). (MEM=1075.47)
Glitch Analysis: View analysis_default -- Total Number of Nets Skipped = 0. 
Glitch Analysis: View analysis_default -- Total Number of Nets Analyzed = 0. 
Total number of fetched objects 1174
AAE_INFO: Total number of nets for which stage creation was skipped for all views 0
AAE_INFO-618: Total number of nets in the design is 1184,  0.5 percent of the nets selected for SI analysis
Total number of fetched objects 1174
AAE_INFO: Total number of nets for which stage creation was skipped for all views 0
AAE_INFO-618: Total number of nets in the design is 1184,  0.5 percent of the nets selected for SI analysis
End delay calculation. (MEM=1063.63 CPU=0:00:00.1 REAL=0:00:01.0)
End delay calculation (fullDC). (MEM=1063.63 CPU=0:00:00.2 REAL=0:00:01.0)
Load RC corner of view analysis_default

Begin Power Analysis

    0.00V	    VSSE
    0.00V	    VSSPST
    0.00V	    VPW
    0.00V	    VSS
    0.00V	    VDDPE
    0.00V	    VDDCE
    0.00V	    POC
    0.00V	    VDDPST
    0.00V	    VNW
    1.10V	    VDD

Begin Processing Timing Library for Power Calculation

Begin Processing Timing Library for Power Calculation



Begin Processing Power Net/Grid for Power Calculation

Ended Processing Power Net/Grid for Power Calculation: (cpu=0:00:00, real=0:00:00, mem(process/total/peak)=892.59MB/1869.34MB/892.59MB)

Begin Processing Timing Window Data for Power Calculation

ideal_clock(100MHz) CK: assigning clock ideal_clock to net clk
Ended Processing Timing Window Data for Power Calculation: (cpu=0:00:00, real=0:00:00, mem(process/total/peak)=892.68MB/1869.34MB/892.68MB)

Begin Processing User Attributes

Ended Processing User Attributes: (cpu=0:00:00, real=0:00:00, mem(process/total/peak)=892.68MB/1869.34MB/892.68MB)

Begin Processing Signal Activity


Starting Levelizing
2025-Apr-21 16:09:07 (2025-Apr-21 20:09:07 GMT)
2025-Apr-21 16:09:07 (2025-Apr-21 20:09:07 GMT): 10%
2025-Apr-21 16:09:07 (2025-Apr-21 20:09:07 GMT): 20%
2025-Apr-21 16:09:07 (2025-Apr-21 20:09:07 GMT): 30%
2025-Apr-21 16:09:07 (2025-Apr-21 20:09:07 GMT): 40%
2025-Apr-21 16:09:07 (2025-Apr-21 20:09:07 GMT): 50%
2025-Apr-21 16:09:07 (2025-Apr-21 20:09:07 GMT): 60%
2025-Apr-21 16:09:07 (2025-Apr-21 20:09:07 GMT): 70%
2025-Apr-21 16:09:07 (2025-Apr-21 20:09:07 GMT): 80%
2025-Apr-21 16:09:07 (2025-Apr-21 20:09:07 GMT): 90%

Finished Levelizing
2025-Apr-21 16:09:07 (2025-Apr-21 20:09:07 GMT)

Starting Activity Propagation
2025-Apr-21 16:09:07 (2025-Apr-21 20:09:07 GMT)
2025-Apr-21 16:09:07 (2025-Apr-21 20:09:07 GMT): 10%
2025-Apr-21 16:09:07 (2025-Apr-21 20:09:07 GMT): 20%

Finished Activity Propagation
2025-Apr-21 16:09:07 (2025-Apr-21 20:09:07 GMT)
Ended Processing Signal Activity: (cpu=0:00:00, real=0:00:00, mem(process/total/peak)=893.00MB/1869.34MB/893.00MB)

Begin Power Computation

      ----------------------------------------------------------
      # of cell(s) missing both power/leakage table: 0
      # of cell(s) missing power table: 0
      # of cell(s) missing leakage table: 0
      # of MSMV cell(s) missing power_level: 0
      ----------------------------------------------------------



Starting Calculating power
2025-Apr-21 16:09:07 (2025-Apr-21 20:09:07 GMT)
 ... Calculating switching power
2025-Apr-21 16:09:07 (2025-Apr-21 20:09:07 GMT): 10%
2025-Apr-21 16:09:07 (2025-Apr-21 20:09:07 GMT): 20%
2025-Apr-21 16:09:07 (2025-Apr-21 20:09:07 GMT): 30%
2025-Apr-21 16:09:07 (2025-Apr-21 20:09:07 GMT): 40%
2025-Apr-21 16:09:07 (2025-Apr-21 20:09:07 GMT): 50%
 ... Calculating internal and leakage power
2025-Apr-21 16:09:07 (2025-Apr-21 20:09:07 GMT): 60%
2025-Apr-21 16:09:07 (2025-Apr-21 20:09:07 GMT): 70%
2025-Apr-21 16:09:07 (2025-Apr-21 20:09:07 GMT): 80%
2025-Apr-21 16:09:07 (2025-Apr-21 20:09:07 GMT): 90%

Finished Calculating power
2025-Apr-21 16:09:07 (2025-Apr-21 20:09:07 GMT)
Ended Power Computation: (cpu=0:00:00, real=0:00:00, mem(process/total/peak)=893.60MB/1869.34MB/893.60MB)

Begin Processing User Attributes

Ended Processing User Attributes: (cpu=0:00:00, real=0:00:00, mem(process/total/peak)=893.60MB/1869.34MB/893.60MB)

Ended Power Analysis: (cpu=0:00:00, real=0:00:00, mem(process/total/peak)=893.60MB/1869.34MB/893.60MB)

Begin Boundary Leakage Calculation
Ended Boundary Leakage Calculation: (cpu=0:00:00, real=0:00:00,
mem(process/total/peak)=893.60MB/1869.34MB/893.60MB)
Begin Static Power Report Generation
*----------------------------------------------------------------------------------------
*	Innovus 19.10-p002_1 (64bit) 04/19/2019 15:18 (Linux 2.6.32-431.11.2.el6.x86_64)
*	
*
* 	Date & Time:	2025-Apr-21 16:09:07 (2025-Apr-21 20:09:07 GMT)
*
*----------------------------------------------------------------------------------------
*
*	Design: BitAND_16b_flopped
*
*	Liberty Libraries used:
*	        analysis_default: /afs/ece.cmu.edu/usr/dchinmay/Srimani_Lab/codesign/eric-codesign-aux/BETTER_mflowgen/mflowgen/build/13-cadence-innovus-route/checkpoints/design.checkpoint/save.enc.dat/libs/mmmc/stdcells.lib
*
*	Parasitic Files used:
*
*       Power View : analysis_default
*
*       User-Defined Activity : N.A.
*
*       Activity File: N.A.
*
*       Hierarchical Global Activity: N.A.
*
*       Global Activity: N.A.
*
*       Sequential Element Activity: 0.200000
*
*       Primary Input Activity: 0.200000
*
*       Default icg ratio: N.A.
*
*       Global Comb ClockGate Ratio: N.A.
*
*	Power Units = 1mW
*
*	Time Units = 1e-09 secs
*
*       report_power -hierarchy 1
*
-----------------------------------------------------------------------------------------
*



Total Power
-----------------------------------------------------------------------------------------
Total Internal Power:        0.16899889 	   57.5511%
Total Switching Power:       0.08945935 	   30.4646%
Total Leakage Power:         0.03519210 	   11.9844%
Total Power:                 0.29365034
-----------------------------------------------------------------------------------------


Group                           Internal   Switching     Leakage       Total  Percentage 
                                Power      Power         Power         Power  (%)        
-----------------------------------------------------------------------------------------
Sequential                       0.08201     0.01589     0.01121      0.1091       37.16
Macro                                  0           0           0           0           0
IO                                     0           0           0           0           0
Combinational                    0.08202     0.05197     0.02384      0.1578       53.74
Clock (Combinational)           0.004975      0.0216   0.0001452     0.02672       9.099
Clock (Sequential)                     0           0           0           0           0
-----------------------------------------------------------------------------------------
Total                              0.169     0.08946     0.03519      0.2937         100
-----------------------------------------------------------------------------------------


Clock                           Internal   Switching     Leakage       Total  Percentage 
                                Power      Power         Power         Power  (%)        
-----------------------------------------------------------------------------------------
ideal_clock                     0.004975      0.0216   0.0001452     0.02672       9.099
-----------------------------------------------------------------------------------------
Total                           0.004975      0.0216   0.0001452     0.02672       9.099
-----------------------------------------------------------------------------------------
Clock: ideal_clock
Clock Period: 0.010000 usec 
Clock Toggle Rate:   200.0000 Mhz 
Clock Static Probability:  0.5000
  


Rail                  Voltage   Internal   Switching     Leakage       Total  Percentage 
                                Power      Power         Power         Power  (%)        
-----------------------------------------------------------------------------------------
VDD                       1.1      0.169     0.08946     0.03519      0.2937         100


Hierarchy                       Internal   Switching     Leakage       Total  Percentage 
                                Power      Power         Power         Power  (%)        
-----------------------------------------------------------------------------------------
iDUT                           0.0007987   0.0004272   0.0004011    0.001627       0.554 
 
 
-----------------------------------------------------------------------------------------
*	Power Distribution Summary: 
*              Highest Average Power:       CTS_ccl_a_buf_00014 (CLKBUF_X3):         0.006336
*              Highest Leakage Power: multiplied_result_flopped_a_reg_28 (DFF_X1):        7.921e-05
*                Total Cap:      4.35479e-12 F
*                Total instances in design:   791
*                Total instances in design with no power:     0
*                Total instances in design with no activty:     0

*                Total Fillers and Decap:     0
-----------------------------------------------------------------------------------------
 
Ended Static Power Report Generation: (cpu=0:00:00, real=0:00:00,
mem(process/total/peak)=894.02MB/1869.34MB/894.02MB)

