============================================================
  Generated by:           Genus(TM) Synthesis Solution 18.14-s037_1
  Generated on:           Apr 22 2025  11:36:12 am
  Module:                 RightShift_16_flopped
  Technology library:     NangateOpenCellLibrary revision 1.0
  Operating conditions:   typical 
  Interconnect mode:      global
  Area mode:              physical library
============================================================

Timing
--------

   Clock     Period 
--------------------
ideal_clock 10000.0 


    Cost      Critical         Violating 
   Group     Path Slack  TNS     Paths   
-----------------------------------------
default        No paths   0.0            
ideal_clock      7764.0   0.0          0 
-----------------------------------------
Total                     0.0          0 

Instance Count
--------------
Leaf Instance Count             809 
Physical Instance count           0 
Sequential Instance Count       158 
Combinational Instance Count    651 
Hierarchical Instance Count       1 

Area
----
Cell Area                          2083.046
Physical Cell Area                 0.000
Total Cell Area (Cell+Physical)    2083.046
Net Area                           1135.106
Total Area (Cell+Physical+Net)     3218.152

Runtime                            0.0 seconds
Elapsed Runtime                    53 seconds
Genus peak memory usage            632.15 
Innovus peak memory usage          no_value 
Hostname                           ECE031.ece.local.cmu.edu
