###############################################################
#  Generated by:      Cadence Innovus 19.10-p002_1
#  OS:                Linux x86_64(Host ID ece031.ece.local.cmu.edu)
#  Generated on:      Tue Apr 22 11:57:11 2025
#  Design:            RightShift_16_flopped
#  Command:           report_timing -nworst 10 > timing.rpt
###############################################################
Path 1: MET (7.839 ns) Setup Check with Pin multiplied_result_flopped_a_reg_31/CK->D
               View: analysis_default
              Group: Reg2Reg
         Startpoint: (R) a_flopped_reg_0_3/CK
              Clock: (R) ideal_clock
           Endpoint: (F) multiplied_result_flopped_a_reg_31/D
              Clock: (R) ideal_clock

                       Capture       Launch
         Clock Edge:+   10.000        0.000
        Src Latency:+   -0.069       -0.069
        Net Latency:+    0.053 (P)    0.081 (P)
            Arrival:=    9.984        0.012

              Setup:-    0.033
        Cppr Adjust:+    0.008
      Required Time:=    9.958
       Launch Clock:=    0.012
          Data Path:+    2.108
              Slack:=    7.839

#----------------------------------------------------------------------------------------
# Instance                            Arc     Cell       Trans   Delay  Arrival  Required  
#                                                         (ns)    (ns)     (ns)      Time  
#                                                                                    (ns)  
#----------------------------------------------------------------------------------------
  a_flopped_reg_0_3                   CK      (arrival)  0.031       -    0.012     7.850  
  a_flopped_reg_0_3                   CK->Q   DFF_X1     0.031   0.147    0.159     7.997  
  square_mul_50_69_g6407__2900        A2->ZN  AND2_X1    0.056   0.055    0.214     8.052  
  square_mul_50_69_g6334__6083        A->Z    XOR2_X1    0.019   0.056    0.269     8.108  
  square_mul_50_69_g6294__6877        CI->S   FA_X1      0.028   0.102    0.371     8.210  
  square_mul_50_69_g6250__2703        A->CO   FA_X1      0.018   0.079    0.451     8.289  
  square_mul_50_69_g6237__6877        CI->CO  FA_X1      0.015   0.073    0.524     8.362  
  square_mul_50_69_g6233__4547        CI->CO  FA_X1      0.015   0.073    0.596     8.435  
  square_mul_50_69_g6227__1857        CI->CO  FA_X1      0.015   0.073    0.669     8.508  
  square_mul_50_69_g6226__5019        CI->CO  FA_X1      0.015   0.073    0.743     8.581  
  square_mul_50_69_g6225__1840        CI->CO  FA_X1      0.016   0.073    0.815     8.654  
  square_mul_50_69_g6224__7344        CI->CO  FA_X1      0.015   0.072    0.888     8.726  
  square_mul_50_69_g6223__5795        CI->CO  FA_X1      0.015   0.073    0.960     8.799  
  square_mul_50_69_g6222__2703        CI->CO  FA_X1      0.015   0.075    1.035     8.874  
  square_mul_50_69_g6221__6083        CI->CO  FA_X1      0.016   0.074    1.109     8.948  
  square_mul_50_69_g6220__2250        CI->CO  FA_X1      0.016   0.073    1.182     9.021  
  square_mul_50_69_g6219__5266        CI->CO  FA_X1      0.015   0.073    1.255     9.094  
  square_mul_50_69_g6218__7114        CI->CO  FA_X1      0.015   0.073    1.328     9.167  
  square_mul_50_69_g6217__5703        CI->CO  FA_X1      0.015   0.075    1.403     9.241  
  square_mul_50_69_g6216__5953        CI->CO  FA_X1      0.016   0.073    1.475     9.314  
  square_mul_50_69_g6215__1786        CI->CO  FA_X1      0.015   0.072    1.548     9.386  
  square_mul_50_69_g6214__8757        CI->CO  FA_X1      0.015   0.074    1.621     9.460  
  square_mul_50_69_g6213__7118        CI->CO  FA_X1      0.016   0.075    1.696     9.534  
  square_mul_50_69_g6212__7675        CI->CO  FA_X1      0.016   0.074    1.770     9.609  
  square_mul_50_69_g6211__2391        CI->CO  FA_X1      0.016   0.073    1.843     9.681  
  square_mul_50_69_g6210__2900        CI->CO  FA_X1      0.015   0.073    1.916     9.754  
  square_mul_50_69_g6209__6877        CI->CO  FA_X1      0.015   0.076    1.991     9.830  
  square_mul_50_69_g6208__1309        A1->ZN  NAND2_X1   0.017   0.024    2.015     9.854  
  square_mul_50_69_g6207              A->ZN   INV_X1     0.014   0.009    2.024     9.863  
  square_mul_50_69_g6204__4547        A1->ZN  NAND3_X1   0.005   0.014    2.038     9.876  
  square_mul_50_69_g6202__3772        A1->ZN  NAND3_X1   0.015   0.027    2.065     9.904  
  square_mul_50_69_g6201__4296        A->ZN   AOI21_X1   0.017   0.044    2.109     9.947  
  square_mul_50_69_g6200              A->ZN   INV_X1     0.024   0.011    2.120     9.958  
  multiplied_result_flopped_a_reg_31  -       DFF_X1     0.008   0.000    2.120     9.958  
#----------------------------------------------------------------------------------------
Path 2: MET (7.840 ns) Setup Check with Pin multiplied_result_flopped_b_reg_31/CK->D
               View: analysis_default
              Group: Reg2Reg
         Startpoint: (R) b_flopped_reg_0_3/CK
              Clock: (R) ideal_clock
           Endpoint: (F) multiplied_result_flopped_b_reg_31/D
              Clock: (R) ideal_clock

                       Capture       Launch
         Clock Edge:+   10.000        0.000
        Src Latency:+   -0.069       -0.069
        Net Latency:+    0.050 (P)    0.087 (P)
            Arrival:=    9.980        0.018

              Setup:-    0.033
        Cppr Adjust:+    0.008
      Required Time:=    9.955
       Launch Clock:=    0.018
          Data Path:+    2.098
              Slack:=    7.840

#----------------------------------------------------------------------------------------
# Instance                            Arc     Cell       Trans   Delay  Arrival  Required  
#                                                         (ns)    (ns)     (ns)      Time  
#                                                                                    (ns)  
#----------------------------------------------------------------------------------------
  b_flopped_reg_0_3                   CK      (arrival)  0.034       -    0.018     7.858  
  b_flopped_reg_0_3                   CK->Q   DFF_X1     0.034   0.148    0.166     8.006  
  square_mul_51_69_g6407__1840        A2->ZN  AND2_X1    0.058   0.055    0.221     8.061  
  square_mul_51_69_g6334__1309        A->Z    XOR2_X1    0.019   0.055    0.276     8.116  
  square_mul_51_69_g6294__7344        CI->S   FA_X1      0.028   0.101    0.377     8.217  
  square_mul_51_69_g6250__6877        A->CO   FA_X1      0.017   0.079    0.456     8.296  
  square_mul_51_69_g6237__7344        CI->CO  FA_X1      0.015   0.074    0.530     8.370  
  square_mul_51_69_g6233__2250        CI->CO  FA_X1      0.016   0.073    0.603     8.443  
  square_mul_51_69_g6227__8757        CI->CO  FA_X1      0.015   0.073    0.675     8.515  
  square_mul_51_69_g6226__7118        CI->CO  FA_X1      0.015   0.072    0.747     8.587  
  square_mul_51_69_g6225__7675        CI->CO  FA_X1      0.015   0.072    0.819     8.659  
  square_mul_51_69_g6224__2391        CI->CO  FA_X1      0.015   0.072    0.891     8.731  
  square_mul_51_69_g6223__2900        CI->CO  FA_X1      0.015   0.072    0.963     8.803  
  square_mul_51_69_g6222__6877        CI->CO  FA_X1      0.015   0.074    1.037     8.877  
  square_mul_51_69_g6221__1309        CI->CO  FA_X1      0.016   0.074    1.111     8.951  
  square_mul_51_69_g6220__2683        CI->CO  FA_X1      0.016   0.073    1.184     9.024  
  square_mul_51_69_g6219__9682        CI->CO  FA_X1      0.015   0.073    1.258     9.098  
  square_mul_51_69_g6218__4547        CI->CO  FA_X1      0.015   0.072    1.330     9.170  
  square_mul_51_69_g6217__1474        CI->CO  FA_X1      0.015   0.073    1.403     9.243  
  square_mul_51_69_g6216__3772        CI->CO  FA_X1      0.015   0.073    1.476     9.316  
  square_mul_51_69_g6215__4296        CI->CO  FA_X1      0.015   0.072    1.548     9.388  
  square_mul_51_69_g6214__8780        CI->CO  FA_X1      0.015   0.075    1.623     9.463  
  square_mul_51_69_g6213__9906        CI->CO  FA_X1      0.016   0.072    1.695     9.535  
  square_mul_51_69_g6212__1857        CI->CO  FA_X1      0.015   0.072    1.767     9.607  
  square_mul_51_69_g6211__5019        CI->CO  FA_X1      0.015   0.073    1.840     9.680  
  square_mul_51_69_g6210__1840        CI->CO  FA_X1      0.015   0.072    1.912     9.752  
  square_mul_51_69_g6209__7344        CI->CO  FA_X1      0.015   0.076    1.988     9.828  
  square_mul_51_69_g6208__5795        A1->ZN  NAND2_X1   0.017   0.024    2.012     9.852  
  square_mul_51_69_g6207              A->ZN   INV_X1     0.014   0.009    2.021     9.861  
  square_mul_51_69_g6204__2250        A1->ZN  NAND3_X1   0.005   0.014    2.035     9.875  
  square_mul_51_69_g6202__7114        A1->ZN  NAND3_X1   0.015   0.027    2.062     9.902  
  square_mul_51_69_g6201__5703        A->ZN   AOI21_X1   0.017   0.044    2.107     9.947  
  square_mul_51_69_g6200              A->ZN   INV_X1     0.024   0.008    2.115     9.955  
  multiplied_result_flopped_b_reg_31  -       DFF_X1     0.007   0.000    2.115     9.955  
#----------------------------------------------------------------------------------------
Path 3: MET (7.845 ns) Setup Check with Pin multiplied_result_flopped_a_reg_31/CK->D
               View: analysis_default
              Group: Reg2Reg
         Startpoint: (R) a_flopped_reg_0_3/CK
              Clock: (R) ideal_clock
           Endpoint: (F) multiplied_result_flopped_a_reg_31/D
              Clock: (R) ideal_clock

                       Capture       Launch
         Clock Edge:+   10.000        0.000
        Src Latency:+   -0.069       -0.069
        Net Latency:+    0.053 (P)    0.081 (P)
            Arrival:=    9.984        0.012

              Setup:-    0.033
        Cppr Adjust:+    0.008
      Required Time:=    9.958
       Launch Clock:=    0.012
          Data Path:+    2.102
              Slack:=    7.845

#----------------------------------------------------------------------------------------
# Instance                            Arc     Cell       Trans   Delay  Arrival  Required  
#                                                         (ns)    (ns)     (ns)      Time  
#                                                                                    (ns)  
#----------------------------------------------------------------------------------------
  a_flopped_reg_0_3                   CK      (arrival)  0.031       -    0.012     7.857  
  a_flopped_reg_0_3                   CK->Q   DFF_X1     0.031   0.120    0.132     7.976  
  square_mul_50_69_g6414__5703        A2->ZN  AND2_X1    0.027   0.043    0.175     8.020  
  square_mul_50_69_g6327__8757        A->S    HA_X1      0.008   0.053    0.227     8.072  
  square_mul_50_69_g6274__5703        CI->CO  FA_X1      0.013   0.072    0.299     8.144  
  g2                                  CI->CO  FA_X1      0.015   0.073    0.372     8.217  
  square_mul_50_69_g6250__2703        CI->CO  FA_X1      0.015   0.072    0.444     8.289  
  square_mul_50_69_g6237__6877        CI->CO  FA_X1      0.015   0.073    0.517     8.362  
  square_mul_50_69_g6233__4547        CI->CO  FA_X1      0.015   0.073    0.590     8.435  
  square_mul_50_69_g6227__1857        CI->CO  FA_X1      0.015   0.073    0.663     8.508  
  square_mul_50_69_g6226__5019        CI->CO  FA_X1      0.015   0.073    0.736     8.581  
  square_mul_50_69_g6225__1840        CI->CO  FA_X1      0.016   0.073    0.809     8.654  
  square_mul_50_69_g6224__7344        CI->CO  FA_X1      0.015   0.072    0.881     8.726  
  square_mul_50_69_g6223__5795        CI->CO  FA_X1      0.015   0.073    0.954     8.799  
  square_mul_50_69_g6222__2703        CI->CO  FA_X1      0.015   0.075    1.029     8.874  
  square_mul_50_69_g6221__6083        CI->CO  FA_X1      0.016   0.074    1.103     8.948  
  square_mul_50_69_g6220__2250        CI->CO  FA_X1      0.016   0.073    1.176     9.021  
  square_mul_50_69_g6219__5266        CI->CO  FA_X1      0.015   0.073    1.249     9.094  
  square_mul_50_69_g6218__7114        CI->CO  FA_X1      0.015   0.073    1.322     9.167  
  square_mul_50_69_g6217__5703        CI->CO  FA_X1      0.015   0.075    1.396     9.241  
  square_mul_50_69_g6216__5953        CI->CO  FA_X1      0.016   0.073    1.469     9.314  
  square_mul_50_69_g6215__1786        CI->CO  FA_X1      0.015   0.072    1.541     9.386  
  square_mul_50_69_g6214__8757        CI->CO  FA_X1      0.015   0.074    1.615     9.460  
  square_mul_50_69_g6213__7118        CI->CO  FA_X1      0.016   0.075    1.689     9.534  
  square_mul_50_69_g6212__7675        CI->CO  FA_X1      0.016   0.074    1.764     9.609  
  square_mul_50_69_g6211__2391        CI->CO  FA_X1      0.016   0.073    1.836     9.681  
  square_mul_50_69_g6210__2900        CI->CO  FA_X1      0.015   0.073    1.909     9.754  
  square_mul_50_69_g6209__6877        CI->CO  FA_X1      0.015   0.076    1.985     9.830  
  square_mul_50_69_g6208__1309        A1->ZN  NAND2_X1   0.017   0.024    2.009     9.854  
  square_mul_50_69_g6207              A->ZN   INV_X1     0.014   0.009    2.018     9.863  
  square_mul_50_69_g6204__4547        A1->ZN  NAND3_X1   0.005   0.014    2.032     9.876  
  square_mul_50_69_g6202__3772        A1->ZN  NAND3_X1   0.015   0.027    2.059     9.904  
  square_mul_50_69_g6201__4296        A->ZN   AOI21_X1   0.017   0.044    2.102     9.947  
  square_mul_50_69_g6200              A->ZN   INV_X1     0.024   0.011    2.113     9.958  
  multiplied_result_flopped_a_reg_31  -       DFF_X1     0.008   0.000    2.113     9.958  
#----------------------------------------------------------------------------------------
Path 4: MET (7.847 ns) Setup Check with Pin multiplied_result_flopped_b_reg_31/CK->D
               View: analysis_default
              Group: Reg2Reg
         Startpoint: (R) b_flopped_reg_0_3/CK
              Clock: (R) ideal_clock
           Endpoint: (F) multiplied_result_flopped_b_reg_31/D
              Clock: (R) ideal_clock

                       Capture       Launch
         Clock Edge:+   10.000        0.000
        Src Latency:+   -0.069       -0.069
        Net Latency:+    0.050 (P)    0.087 (P)
            Arrival:=    9.980        0.018

              Setup:-    0.033
        Cppr Adjust:+    0.008
      Required Time:=    9.955
       Launch Clock:=    0.018
          Data Path:+    2.091
              Slack:=    7.847

#----------------------------------------------------------------------------------------
# Instance                            Arc     Cell       Trans   Delay  Arrival  Required  
#                                                         (ns)    (ns)     (ns)      Time  
#                                                                                    (ns)  
#----------------------------------------------------------------------------------------
  b_flopped_reg_0_3                   CK      (arrival)  0.034       -    0.018     7.865  
  b_flopped_reg_0_3                   CK->Q   DFF_X1     0.034   0.120    0.138     7.985  
  square_mul_51_69_g6414__1474        A2->ZN  AND2_X1    0.027   0.044    0.182     8.029  
  square_mul_51_69_g6327__8780        A->S    HA_X1      0.008   0.052    0.234     8.081  
  square_mul_51_69_g6274__1474        CI->CO  FA_X1      0.013   0.071    0.305     8.152  
  g6477                               CI->CO  FA_X1      0.015   0.072    0.377     8.224  
  square_mul_51_69_g6250__6877        CI->CO  FA_X1      0.015   0.072    0.449     8.296  
  square_mul_51_69_g6237__7344        CI->CO  FA_X1      0.015   0.074    0.523     8.370  
  square_mul_51_69_g6233__2250        CI->CO  FA_X1      0.016   0.073    0.596     8.443  
  square_mul_51_69_g6227__8757        CI->CO  FA_X1      0.015   0.073    0.668     8.515  
  square_mul_51_69_g6226__7118        CI->CO  FA_X1      0.015   0.072    0.740     8.587  
  square_mul_51_69_g6225__7675        CI->CO  FA_X1      0.015   0.072    0.813     8.659  
  square_mul_51_69_g6224__2391        CI->CO  FA_X1      0.015   0.072    0.885     8.731  
  square_mul_51_69_g6223__2900        CI->CO  FA_X1      0.015   0.072    0.956     8.803  
  square_mul_51_69_g6222__6877        CI->CO  FA_X1      0.015   0.074    1.030     8.877  
  square_mul_51_69_g6221__1309        CI->CO  FA_X1      0.016   0.074    1.104     8.951  
  square_mul_51_69_g6220__2683        CI->CO  FA_X1      0.016   0.073    1.178     9.024  
  square_mul_51_69_g6219__9682        CI->CO  FA_X1      0.015   0.073    1.251     9.098  
  square_mul_51_69_g6218__4547        CI->CO  FA_X1      0.015   0.072    1.323     9.170  
  square_mul_51_69_g6217__1474        CI->CO  FA_X1      0.015   0.073    1.396     9.243  
  square_mul_51_69_g6216__3772        CI->CO  FA_X1      0.015   0.073    1.469     9.316  
  square_mul_51_69_g6215__4296        CI->CO  FA_X1      0.015   0.072    1.541     9.388  
  square_mul_51_69_g6214__8780        CI->CO  FA_X1      0.015   0.075    1.616     9.463  
  square_mul_51_69_g6213__9906        CI->CO  FA_X1      0.016   0.072    1.688     9.535  
  square_mul_51_69_g6212__1857        CI->CO  FA_X1      0.015   0.072    1.761     9.607  
  square_mul_51_69_g6211__5019        CI->CO  FA_X1      0.015   0.073    1.833     9.680  
  square_mul_51_69_g6210__1840        CI->CO  FA_X1      0.015   0.072    1.905     9.752  
  square_mul_51_69_g6209__7344        CI->CO  FA_X1      0.015   0.076    1.981     9.828  
  square_mul_51_69_g6208__5795        A1->ZN  NAND2_X1   0.017   0.024    2.005     9.852  
  square_mul_51_69_g6207              A->ZN   INV_X1     0.014   0.009    2.014     9.861  
  square_mul_51_69_g6204__2250        A1->ZN  NAND3_X1   0.005   0.014    2.028     9.875  
  square_mul_51_69_g6202__7114        A1->ZN  NAND3_X1   0.015   0.027    2.056     9.902  
  square_mul_51_69_g6201__5703        A->ZN   AOI21_X1   0.017   0.044    2.100     9.947  
  square_mul_51_69_g6200              A->ZN   INV_X1     0.024   0.008    2.108     9.955  
  multiplied_result_flopped_b_reg_31  -       DFF_X1     0.007   0.000    2.108     9.955  
#----------------------------------------------------------------------------------------
Path 5: MET (7.848 ns) Setup Check with Pin multiplied_result_flopped_a_reg_31/CK->D
               View: analysis_default
              Group: Reg2Reg
         Startpoint: (R) a_flopped_reg_0_3/CK
              Clock: (R) ideal_clock
           Endpoint: (F) multiplied_result_flopped_a_reg_31/D
              Clock: (R) ideal_clock

                       Capture       Launch
         Clock Edge:+   10.000        0.000
        Src Latency:+   -0.069       -0.069
        Net Latency:+    0.053 (P)    0.081 (P)
            Arrival:=    9.984        0.012

              Setup:-    0.033
        Cppr Adjust:+    0.008
      Required Time:=    9.958
       Launch Clock:=    0.012
          Data Path:+    2.099
              Slack:=    7.848

#----------------------------------------------------------------------------------------
# Instance                            Arc     Cell       Trans   Delay  Arrival  Required  
#                                                         (ns)    (ns)     (ns)      Time  
#                                                                                    (ns)  
#----------------------------------------------------------------------------------------
  a_flopped_reg_0_3                   CK      (arrival)  0.031       -    0.012     7.860  
  a_flopped_reg_0_3                   CK->Q   DFF_X1     0.031   0.147    0.158     8.006  
  square_mul_50_69_g6414__5703        A2->ZN  AND2_X1    0.056   0.047    0.206     8.053  
  square_mul_50_69_g6327__8757        A->S    HA_X1      0.013   0.019    0.224     8.072  
  square_mul_50_69_g6274__5703        CI->CO  FA_X1      0.013   0.072    0.296     8.144  
  g2                                  CI->CO  FA_X1      0.015   0.073    0.369     8.217  
  square_mul_50_69_g6250__2703        CI->CO  FA_X1      0.015   0.072    0.441     8.289  
  square_mul_50_69_g6237__6877        CI->CO  FA_X1      0.015   0.073    0.514     8.362  
  square_mul_50_69_g6233__4547        CI->CO  FA_X1      0.015   0.073    0.587     8.435  
  square_mul_50_69_g6227__1857        CI->CO  FA_X1      0.015   0.073    0.660     8.508  
  square_mul_50_69_g6226__5019        CI->CO  FA_X1      0.015   0.073    0.733     8.581  
  square_mul_50_69_g6225__1840        CI->CO  FA_X1      0.016   0.073    0.806     8.654  
  square_mul_50_69_g6224__7344        CI->CO  FA_X1      0.015   0.072    0.878     8.726  
  square_mul_50_69_g6223__5795        CI->CO  FA_X1      0.015   0.073    0.951     8.799  
  square_mul_50_69_g6222__2703        CI->CO  FA_X1      0.015   0.075    1.026     8.874  
  square_mul_50_69_g6221__6083        CI->CO  FA_X1      0.016   0.074    1.100     8.948  
  square_mul_50_69_g6220__2250        CI->CO  FA_X1      0.016   0.073    1.173     9.021  
  square_mul_50_69_g6219__5266        CI->CO  FA_X1      0.015   0.073    1.246     9.094  
  square_mul_50_69_g6218__7114        CI->CO  FA_X1      0.015   0.073    1.319     9.167  
  square_mul_50_69_g6217__5703        CI->CO  FA_X1      0.015   0.075    1.393     9.241  
  square_mul_50_69_g6216__5953        CI->CO  FA_X1      0.016   0.073    1.466     9.314  
  square_mul_50_69_g6215__1786        CI->CO  FA_X1      0.015   0.072    1.538     9.386  
  square_mul_50_69_g6214__8757        CI->CO  FA_X1      0.015   0.074    1.612     9.460  
  square_mul_50_69_g6213__7118        CI->CO  FA_X1      0.016   0.075    1.687     9.534  
  square_mul_50_69_g6212__7675        CI->CO  FA_X1      0.016   0.074    1.761     9.609  
  square_mul_50_69_g6211__2391        CI->CO  FA_X1      0.016   0.073    1.833     9.681  
  square_mul_50_69_g6210__2900        CI->CO  FA_X1      0.015   0.073    1.906     9.754  
  square_mul_50_69_g6209__6877        CI->CO  FA_X1      0.015   0.076    1.982     9.830  
  square_mul_50_69_g6208__1309        A1->ZN  NAND2_X1   0.017   0.024    2.006     9.854  
  square_mul_50_69_g6207              A->ZN   INV_X1     0.014   0.009    2.015     9.863  
  square_mul_50_69_g6204__4547        A1->ZN  NAND3_X1   0.005   0.014    2.029     9.876  
  square_mul_50_69_g6202__3772        A1->ZN  NAND3_X1   0.015   0.027    2.056     9.904  
  square_mul_50_69_g6201__4296        A->ZN   AOI21_X1   0.017   0.044    2.100     9.947  
  square_mul_50_69_g6200              A->ZN   INV_X1     0.024   0.011    2.111     9.958  
  multiplied_result_flopped_a_reg_31  -       DFF_X1     0.008   0.000    2.111     9.958  
#----------------------------------------------------------------------------------------
Path 6: MET (7.848 ns) Setup Check with Pin multiplied_result_flopped_a_reg_31/CK->D
               View: analysis_default
              Group: Reg2Reg
         Startpoint: (R) a_flopped_reg_0_0/CK
              Clock: (R) ideal_clock
           Endpoint: (F) multiplied_result_flopped_a_reg_31/D
              Clock: (R) ideal_clock

                       Capture       Launch
         Clock Edge:+   10.000        0.000
        Src Latency:+   -0.069       -0.069
        Net Latency:+    0.053 (P)    0.082 (P)
            Arrival:=    9.984        0.013

              Setup:-    0.033
        Cppr Adjust:+    0.008
      Required Time:=    9.958
       Launch Clock:=    0.013
          Data Path:+    2.098
              Slack:=    7.848

#----------------------------------------------------------------------------------------
# Instance                            Arc     Cell       Trans   Delay  Arrival  Required  
#                                                         (ns)    (ns)     (ns)      Time  
#                                                                                    (ns)  
#----------------------------------------------------------------------------------------
  a_flopped_reg_0_0                   CK      (arrival)  0.031       -    0.013     7.861  
  a_flopped_reg_0_0                   CK->Q   DFF_X1     0.031   0.144    0.157     8.005  
  square_mul_50_69_g6414__5703        A1->ZN  AND2_X1    0.054   0.048    0.205     8.053  
  square_mul_50_69_g6327__8757        A->S    HA_X1      0.013   0.019    0.224     8.072  
  square_mul_50_69_g6274__5703        CI->CO  FA_X1      0.013   0.072    0.296     8.144  
  g2                                  CI->CO  FA_X1      0.015   0.073    0.369     8.217  
  square_mul_50_69_g6250__2703        CI->CO  FA_X1      0.015   0.072    0.441     8.289  
  square_mul_50_69_g6237__6877        CI->CO  FA_X1      0.015   0.073    0.514     8.362  
  square_mul_50_69_g6233__4547        CI->CO  FA_X1      0.015   0.073    0.587     8.435  
  square_mul_50_69_g6227__1857        CI->CO  FA_X1      0.015   0.073    0.660     8.508  
  square_mul_50_69_g6226__5019        CI->CO  FA_X1      0.015   0.073    0.733     8.581  
  square_mul_50_69_g6225__1840        CI->CO  FA_X1      0.016   0.073    0.806     8.654  
  square_mul_50_69_g6224__7344        CI->CO  FA_X1      0.015   0.072    0.878     8.726  
  square_mul_50_69_g6223__5795        CI->CO  FA_X1      0.015   0.073    0.951     8.799  
  square_mul_50_69_g6222__2703        CI->CO  FA_X1      0.015   0.075    1.026     8.874  
  square_mul_50_69_g6221__6083        CI->CO  FA_X1      0.016   0.074    1.100     8.948  
  square_mul_50_69_g6220__2250        CI->CO  FA_X1      0.016   0.073    1.173     9.021  
  square_mul_50_69_g6219__5266        CI->CO  FA_X1      0.015   0.073    1.246     9.094  
  square_mul_50_69_g6218__7114        CI->CO  FA_X1      0.015   0.073    1.319     9.167  
  square_mul_50_69_g6217__5703        CI->CO  FA_X1      0.015   0.075    1.393     9.241  
  square_mul_50_69_g6216__5953        CI->CO  FA_X1      0.016   0.073    1.466     9.314  
  square_mul_50_69_g6215__1786        CI->CO  FA_X1      0.015   0.072    1.538     9.386  
  square_mul_50_69_g6214__8757        CI->CO  FA_X1      0.015   0.074    1.612     9.460  
  square_mul_50_69_g6213__7118        CI->CO  FA_X1      0.016   0.075    1.686     9.534  
  square_mul_50_69_g6212__7675        CI->CO  FA_X1      0.016   0.074    1.761     9.609  
  square_mul_50_69_g6211__2391        CI->CO  FA_X1      0.016   0.073    1.833     9.681  
  square_mul_50_69_g6210__2900        CI->CO  FA_X1      0.015   0.073    1.906     9.754  
  square_mul_50_69_g6209__6877        CI->CO  FA_X1      0.015   0.076    1.982     9.830  
  square_mul_50_69_g6208__1309        A1->ZN  NAND2_X1   0.017   0.024    2.006     9.854  
  square_mul_50_69_g6207              A->ZN   INV_X1     0.014   0.009    2.015     9.863  
  square_mul_50_69_g6204__4547        A1->ZN  NAND3_X1   0.005   0.014    2.028     9.876  
  square_mul_50_69_g6202__3772        A1->ZN  NAND3_X1   0.015   0.027    2.056     9.904  
  square_mul_50_69_g6201__4296        A->ZN   AOI21_X1   0.017   0.044    2.099     9.947  
  square_mul_50_69_g6200              A->ZN   INV_X1     0.024   0.011    2.110     9.958  
  multiplied_result_flopped_a_reg_31  -       DFF_X1     0.008   0.000    2.110     9.958  
#----------------------------------------------------------------------------------------
Path 7: MET (7.848 ns) Setup Check with Pin multiplied_result_flopped_a_reg_31/CK->D
               View: analysis_default
              Group: Reg2Reg
         Startpoint: (R) a_flopped_reg_0_0/CK
              Clock: (R) ideal_clock
           Endpoint: (F) multiplied_result_flopped_a_reg_31/D
              Clock: (R) ideal_clock

                       Capture       Launch
         Clock Edge:+   10.000        0.000
        Src Latency:+   -0.069       -0.069
        Net Latency:+    0.053 (P)    0.082 (P)
            Arrival:=    9.984        0.013

              Setup:-    0.033
        Cppr Adjust:+    0.008
      Required Time:=    9.958
       Launch Clock:=    0.013
          Data Path:+    2.097
              Slack:=    7.848

#----------------------------------------------------------------------------------------
# Instance                            Arc     Cell       Trans   Delay  Arrival  Required  
#                                                         (ns)    (ns)     (ns)      Time  
#                                                                                    (ns)  
#----------------------------------------------------------------------------------------
  a_flopped_reg_0_0                   CK      (arrival)  0.031       -    0.013     7.861  
  a_flopped_reg_0_0                   CK->Q   DFF_X1     0.031   0.118    0.131     7.980  
  square_mul_50_69_g6414__5703        A1->ZN  AND2_X1    0.025   0.040    0.171     8.020  
  square_mul_50_69_g6327__8757        A->S    HA_X1      0.008   0.053    0.224     8.072  
  square_mul_50_69_g6274__5703        CI->CO  FA_X1      0.013   0.072    0.296     8.144  
  g2                                  CI->CO  FA_X1      0.015   0.073    0.368     8.217  
  square_mul_50_69_g6250__2703        CI->CO  FA_X1      0.015   0.072    0.441     8.289  
  square_mul_50_69_g6237__6877        CI->CO  FA_X1      0.015   0.073    0.514     8.362  
  square_mul_50_69_g6233__4547        CI->CO  FA_X1      0.015   0.073    0.586     8.435  
  square_mul_50_69_g6227__1857        CI->CO  FA_X1      0.015   0.073    0.659     8.508  
  square_mul_50_69_g6226__5019        CI->CO  FA_X1      0.015   0.073    0.733     8.581  
  square_mul_50_69_g6225__1840        CI->CO  FA_X1      0.016   0.073    0.805     8.654  
  square_mul_50_69_g6224__7344        CI->CO  FA_X1      0.015   0.072    0.878     8.726  
  square_mul_50_69_g6223__5795        CI->CO  FA_X1      0.015   0.073    0.950     8.799  
  square_mul_50_69_g6222__2703        CI->CO  FA_X1      0.015   0.075    1.025     8.874  
  square_mul_50_69_g6221__6083        CI->CO  FA_X1      0.016   0.074    1.099     8.948  
  square_mul_50_69_g6220__2250        CI->CO  FA_X1      0.016   0.073    1.172     9.021  
  square_mul_50_69_g6219__5266        CI->CO  FA_X1      0.015   0.073    1.246     9.094  
  square_mul_50_69_g6218__7114        CI->CO  FA_X1      0.015   0.073    1.318     9.167  
  square_mul_50_69_g6217__5703        CI->CO  FA_X1      0.015   0.075    1.393     9.241  
  square_mul_50_69_g6216__5953        CI->CO  FA_X1      0.016   0.073    1.466     9.314  
  square_mul_50_69_g6215__1786        CI->CO  FA_X1      0.015   0.072    1.538     9.386  
  square_mul_50_69_g6214__8757        CI->CO  FA_X1      0.015   0.074    1.611     9.460  
  square_mul_50_69_g6213__7118        CI->CO  FA_X1      0.016   0.075    1.686     9.534  
  square_mul_50_69_g6212__7675        CI->CO  FA_X1      0.016   0.074    1.760     9.609  
  square_mul_50_69_g6211__2391        CI->CO  FA_X1      0.016   0.073    1.833     9.681  
  square_mul_50_69_g6210__2900        CI->CO  FA_X1      0.015   0.073    1.906     9.754  
  square_mul_50_69_g6209__6877        CI->CO  FA_X1      0.015   0.076    1.982     9.830  
  square_mul_50_69_g6208__1309        A1->ZN  NAND2_X1   0.017   0.024    2.005     9.854  
  square_mul_50_69_g6207              A->ZN   INV_X1     0.014   0.009    2.014     9.863  
  square_mul_50_69_g6204__4547        A1->ZN  NAND3_X1   0.005   0.014    2.028     9.876  
  square_mul_50_69_g6202__3772        A1->ZN  NAND3_X1   0.015   0.027    2.055     9.904  
  square_mul_50_69_g6201__4296        A->ZN   AOI21_X1   0.017   0.044    2.099     9.947  
  square_mul_50_69_g6200              A->ZN   INV_X1     0.024   0.011    2.110     9.958  
  multiplied_result_flopped_a_reg_31  -       DFF_X1     0.008   0.000    2.110     9.958  
#----------------------------------------------------------------------------------------
Path 8: MET (7.849 ns) Setup Check with Pin multiplied_result_flopped_b_reg_31/CK->D
               View: analysis_default
              Group: Reg2Reg
         Startpoint: (R) b_flopped_reg_0_3/CK
              Clock: (R) ideal_clock
           Endpoint: (F) multiplied_result_flopped_b_reg_31/D
              Clock: (R) ideal_clock

                       Capture       Launch
         Clock Edge:+   10.000        0.000
        Src Latency:+   -0.069       -0.069
        Net Latency:+    0.050 (P)    0.087 (P)
            Arrival:=    9.980        0.018

              Setup:-    0.033
        Cppr Adjust:+    0.008
      Required Time:=    9.955
       Launch Clock:=    0.018
          Data Path:+    2.089
              Slack:=    7.849

#----------------------------------------------------------------------------------------
# Instance                            Arc     Cell       Trans   Delay  Arrival  Required  
#                                                         (ns)    (ns)     (ns)      Time  
#                                                                                    (ns)  
#----------------------------------------------------------------------------------------
  b_flopped_reg_0_3                   CK      (arrival)  0.034       -    0.018     7.867  
  b_flopped_reg_0_3                   CK->Q   DFF_X1     0.034   0.148    0.166     8.015  
  square_mul_51_69_g6414__1474        A2->ZN  AND2_X1    0.058   0.047    0.213     8.062  
  square_mul_51_69_g6327__8780        A->S    HA_X1      0.013   0.019    0.232     8.081  
  square_mul_51_69_g6274__1474        CI->CO  FA_X1      0.013   0.071    0.303     8.152  
  g6477                               CI->CO  FA_X1      0.015   0.072    0.375     8.224  
  square_mul_51_69_g6250__6877        CI->CO  FA_X1      0.015   0.072    0.447     8.296  
  square_mul_51_69_g6237__7344        CI->CO  FA_X1      0.015   0.074    0.521     8.370  
  square_mul_51_69_g6233__2250        CI->CO  FA_X1      0.016   0.073    0.594     8.443  
  square_mul_51_69_g6227__8757        CI->CO  FA_X1      0.015   0.073    0.666     8.515  
  square_mul_51_69_g6226__7118        CI->CO  FA_X1      0.015   0.072    0.738     8.587  
  square_mul_51_69_g6225__7675        CI->CO  FA_X1      0.015   0.072    0.811     8.659  
  square_mul_51_69_g6224__2391        CI->CO  FA_X1      0.015   0.072    0.883     8.731  
  square_mul_51_69_g6223__2900        CI->CO  FA_X1      0.015   0.072    0.954     8.803  
  square_mul_51_69_g6222__6877        CI->CO  FA_X1      0.015   0.074    1.028     8.877  
  square_mul_51_69_g6221__1309        CI->CO  FA_X1      0.016   0.074    1.102     8.951  
  square_mul_51_69_g6220__2683        CI->CO  FA_X1      0.016   0.073    1.176     9.024  
  square_mul_51_69_g6219__9682        CI->CO  FA_X1      0.015   0.073    1.249     9.098  
  square_mul_51_69_g6218__4547        CI->CO  FA_X1      0.015   0.072    1.321     9.170  
  square_mul_51_69_g6217__1474        CI->CO  FA_X1      0.015   0.073    1.394     9.243  
  square_mul_51_69_g6216__3772        CI->CO  FA_X1      0.015   0.073    1.467     9.316  
  square_mul_51_69_g6215__4296        CI->CO  FA_X1      0.015   0.072    1.539     9.388  
  square_mul_51_69_g6214__8780        CI->CO  FA_X1      0.015   0.075    1.614     9.463  
  square_mul_51_69_g6213__9906        CI->CO  FA_X1      0.016   0.072    1.686     9.535  
  square_mul_51_69_g6212__1857        CI->CO  FA_X1      0.015   0.072    1.759     9.607  
  square_mul_51_69_g6211__5019        CI->CO  FA_X1      0.015   0.073    1.831     9.680  
  square_mul_51_69_g6210__1840        CI->CO  FA_X1      0.015   0.072    1.903     9.752  
  square_mul_51_69_g6209__7344        CI->CO  FA_X1      0.015   0.076    1.979     9.828  
  square_mul_51_69_g6208__5795        A1->ZN  NAND2_X1   0.017   0.024    2.003     9.852  
  square_mul_51_69_g6207              A->ZN   INV_X1     0.014   0.009    2.012     9.861  
  square_mul_51_69_g6204__2250        A1->ZN  NAND3_X1   0.005   0.014    2.026     9.875  
  square_mul_51_69_g6202__7114        A1->ZN  NAND3_X1   0.015   0.027    2.054     9.902  
  square_mul_51_69_g6201__5703        A->ZN   AOI21_X1   0.017   0.044    2.098     9.947  
  square_mul_51_69_g6200              A->ZN   INV_X1     0.024   0.008    2.106     9.955  
  multiplied_result_flopped_b_reg_31  -       DFF_X1     0.007   0.000    2.106     9.955  
#----------------------------------------------------------------------------------------
Path 9: MET (7.849 ns) Setup Check with Pin multiplied_result_flopped_b_reg_31/CK->D
               View: analysis_default
              Group: Reg2Reg
         Startpoint: (R) b_flopped_reg_0_0/CK
              Clock: (R) ideal_clock
           Endpoint: (F) multiplied_result_flopped_b_reg_31/D
              Clock: (R) ideal_clock

                       Capture       Launch
         Clock Edge:+   10.000        0.000
        Src Latency:+   -0.069       -0.069
        Net Latency:+    0.050 (P)    0.087 (P)
            Arrival:=    9.980        0.018

              Setup:-    0.033
        Cppr Adjust:+    0.008
      Required Time:=    9.955
       Launch Clock:=    0.018
          Data Path:+    2.089
              Slack:=    7.849

#----------------------------------------------------------------------------------------
# Instance                            Arc     Cell       Trans   Delay  Arrival  Required  
#                                                         (ns)    (ns)     (ns)      Time  
#                                                                                    (ns)  
#----------------------------------------------------------------------------------------
  b_flopped_reg_0_0                   CK      (arrival)  0.034       -    0.018     7.867  
  b_flopped_reg_0_0                   CK->Q   DFF_X1     0.034   0.147    0.164     8.014  
  square_mul_51_69_g6414__1474        A1->ZN  AND2_X1    0.056   0.049    0.213     8.062  
  square_mul_51_69_g6327__8780        A->S    HA_X1      0.013   0.019    0.232     8.081  
  square_mul_51_69_g6274__1474        CI->CO  FA_X1      0.013   0.071    0.303     8.152  
  g6477                               CI->CO  FA_X1      0.015   0.072    0.375     8.224  
  square_mul_51_69_g6250__6877        CI->CO  FA_X1      0.015   0.072    0.447     8.296  
  square_mul_51_69_g6237__7344        CI->CO  FA_X1      0.015   0.074    0.521     8.370  
  square_mul_51_69_g6233__2250        CI->CO  FA_X1      0.016   0.073    0.594     8.443  
  square_mul_51_69_g6227__8757        CI->CO  FA_X1      0.015   0.073    0.666     8.515  
  square_mul_51_69_g6226__7118        CI->CO  FA_X1      0.015   0.072    0.738     8.587  
  square_mul_51_69_g6225__7675        CI->CO  FA_X1      0.015   0.072    0.810     8.659  
  square_mul_51_69_g6224__2391        CI->CO  FA_X1      0.015   0.072    0.882     8.731  
  square_mul_51_69_g6223__2900        CI->CO  FA_X1      0.015   0.072    0.954     8.803  
  square_mul_51_69_g6222__6877        CI->CO  FA_X1      0.015   0.074    1.028     8.877  
  square_mul_51_69_g6221__1309        CI->CO  FA_X1      0.016   0.074    1.102     8.951  
  square_mul_51_69_g6220__2683        CI->CO  FA_X1      0.016   0.073    1.175     9.024  
  square_mul_51_69_g6219__9682        CI->CO  FA_X1      0.015   0.073    1.249     9.098  
  square_mul_51_69_g6218__4547        CI->CO  FA_X1      0.015   0.072    1.321     9.170  
  square_mul_51_69_g6217__1474        CI->CO  FA_X1      0.015   0.073    1.394     9.243  
  square_mul_51_69_g6216__3772        CI->CO  FA_X1      0.015   0.073    1.467     9.316  
  square_mul_51_69_g6215__4296        CI->CO  FA_X1      0.015   0.072    1.539     9.388  
  square_mul_51_69_g6214__8780        CI->CO  FA_X1      0.015   0.075    1.614     9.463  
  square_mul_51_69_g6213__9906        CI->CO  FA_X1      0.016   0.072    1.686     9.535  
  square_mul_51_69_g6212__1857        CI->CO  FA_X1      0.015   0.072    1.758     9.607  
  square_mul_51_69_g6211__5019        CI->CO  FA_X1      0.015   0.073    1.831     9.680  
  square_mul_51_69_g6210__1840        CI->CO  FA_X1      0.015   0.072    1.903     9.752  
  square_mul_51_69_g6209__7344        CI->CO  FA_X1      0.015   0.076    1.979     9.828  
  square_mul_51_69_g6208__5795        A1->ZN  NAND2_X1   0.017   0.024    2.003     9.852  
  square_mul_51_69_g6207              A->ZN   INV_X1     0.014   0.009    2.012     9.861  
  square_mul_51_69_g6204__2250        A1->ZN  NAND3_X1   0.005   0.014    2.026     9.875  
  square_mul_51_69_g6202__7114        A1->ZN  NAND3_X1   0.015   0.027    2.053     9.902  
  square_mul_51_69_g6201__5703        A->ZN   AOI21_X1   0.017   0.044    2.098     9.947  
  square_mul_51_69_g6200              A->ZN   INV_X1     0.024   0.008    2.106     9.955  
  multiplied_result_flopped_b_reg_31  -       DFF_X1     0.007   0.000    2.106     9.955  
#----------------------------------------------------------------------------------------
Path 10: MET (7.850 ns) Setup Check with Pin multiplied_result_flopped_a_reg_30/CK->D
               View: analysis_default
              Group: Reg2Reg
         Startpoint: (R) a_flopped_reg_0_3/CK
              Clock: (R) ideal_clock
           Endpoint: (F) multiplied_result_flopped_a_reg_30/D
              Clock: (R) ideal_clock

                       Capture       Launch
         Clock Edge:+   10.000        0.000
        Src Latency:+   -0.069       -0.069
        Net Latency:+    0.053 (P)    0.081 (P)
            Arrival:=    9.984        0.012

              Setup:-    0.034
        Cppr Adjust:+    0.008
      Required Time:=    9.958
       Launch Clock:=    0.012
          Data Path:+    2.096
              Slack:=    7.850

#----------------------------------------------------------------------------------------
# Instance                            Arc     Cell       Trans   Delay  Arrival  Required  
#                                                         (ns)    (ns)     (ns)      Time  
#                                                                                    (ns)  
#----------------------------------------------------------------------------------------
  a_flopped_reg_0_3                   CK      (arrival)  0.031       -    0.012     7.862  
  a_flopped_reg_0_3                   CK->Q   DFF_X1     0.031   0.147    0.159     8.009  
  square_mul_50_69_g6407__2900        A2->ZN  AND2_X1    0.056   0.055    0.214     8.064  
  square_mul_50_69_g6334__6083        A->Z    XOR2_X1    0.019   0.056    0.269     8.120  
  square_mul_50_69_g6294__6877        CI->S   FA_X1      0.028   0.102    0.371     8.221  
  square_mul_50_69_g6250__2703        A->CO   FA_X1      0.018   0.079    0.451     8.301  
  square_mul_50_69_g6237__6877        CI->CO  FA_X1      0.015   0.073    0.524     8.374  
  square_mul_50_69_g6233__4547        CI->CO  FA_X1      0.015   0.073    0.596     8.446  
  square_mul_50_69_g6227__1857        CI->CO  FA_X1      0.015   0.073    0.669     8.519  
  square_mul_50_69_g6226__5019        CI->CO  FA_X1      0.015   0.073    0.743     8.593  
  square_mul_50_69_g6225__1840        CI->CO  FA_X1      0.016   0.073    0.815     8.665  
  square_mul_50_69_g6224__7344        CI->CO  FA_X1      0.015   0.072    0.888     8.738  
  square_mul_50_69_g6223__5795        CI->CO  FA_X1      0.015   0.073    0.960     8.811  
  square_mul_50_69_g6222__2703        CI->CO  FA_X1      0.015   0.075    1.035     8.886  
  square_mul_50_69_g6221__6083        CI->CO  FA_X1      0.016   0.074    1.109     8.960  
  square_mul_50_69_g6220__2250        CI->CO  FA_X1      0.016   0.073    1.182     9.032  
  square_mul_50_69_g6219__5266        CI->CO  FA_X1      0.015   0.073    1.255     9.106  
  square_mul_50_69_g6218__7114        CI->CO  FA_X1      0.015   0.073    1.328     9.178  
  square_mul_50_69_g6217__5703        CI->CO  FA_X1      0.015   0.075    1.403     9.253  
  square_mul_50_69_g6216__5953        CI->CO  FA_X1      0.016   0.073    1.475     9.326  
  square_mul_50_69_g6215__1786        CI->CO  FA_X1      0.015   0.072    1.548     9.398  
  square_mul_50_69_g6214__8757        CI->CO  FA_X1      0.015   0.074    1.621     9.472  
  square_mul_50_69_g6213__7118        CI->CO  FA_X1      0.016   0.075    1.696     9.546  
  square_mul_50_69_g6212__7675        CI->CO  FA_X1      0.016   0.074    1.770     9.620  
  square_mul_50_69_g6211__2391        CI->CO  FA_X1      0.016   0.073    1.843     9.693  
  square_mul_50_69_g6210__2900        CI->CO  FA_X1      0.015   0.073    1.916     9.766  
  square_mul_50_69_g6209__6877        CI->CO  FA_X1      0.015   0.076    1.991     9.842  
  square_mul_50_69_g6208__1309        A1->ZN  NAND2_X1   0.017   0.024    2.015     9.865  
  square_mul_50_69_g6207              A->ZN   INV_X1     0.014   0.009    2.024     9.874  
  square_mul_50_69_g6204__4547        A1->ZN  NAND3_X1   0.005   0.014    2.038     9.888  
  square_mul_50_69_g6202__3772        A1->ZN  NAND3_X1   0.015   0.027    2.065     9.915  
  square_mul_50_69_g6199__8780        A->ZN   XNOR2_X1   0.017   0.042    2.107     9.958  
  multiplied_result_flopped_a_reg_30  -       DFF_X1     0.010   0.000    2.107     9.958  
#----------------------------------------------------------------------------------------

