============================================================
  Generated by:           Genus(TM) Synthesis Solution 18.14-s037_1
  Generated on:           Apr 22 2025  11:08:51 am
  Module:                 LeftShift_16_flopped
  Technology library:     NangateOpenCellLibrary revision 1.0
  Operating conditions:   typical 
  Interconnect mode:      global
  Area mode:              physical library
============================================================

                                 Leakage  
   Gate    Instances    Area   Power (nW)          Library          
--------------------------------------------------------------------
AND2_X1          186   197.904   4664.817    NangateOpenCellLibrary 
AND3_X1            1     1.330     26.481    NangateOpenCellLibrary 
AOI21_X1           2     2.128     51.768    NangateOpenCellLibrary 
AOI222_X1          1     2.128     43.831    NangateOpenCellLibrary 
AOI22_X1           7     9.310    214.547    NangateOpenCellLibrary 
DFF_X1           158   714.476  12402.269    NangateOpenCellLibrary 
FA_X1            192   817.152  12291.217    NangateOpenCellLibrary 
HA_X1             16    42.560    869.142    NangateOpenCellLibrary 
INV_X1             9     4.788    138.676    NangateOpenCellLibrary 
MUX2_X1           24    44.688    906.827    NangateOpenCellLibrary 
NAND2_X1          46    36.708    813.053    NangateOpenCellLibrary 
NAND3_X1           5     5.320    147.860    NangateOpenCellLibrary 
NOR2_X1           50    39.900   1060.471    NangateOpenCellLibrary 
NOR4_X1            3     3.990     97.804    NangateOpenCellLibrary 
OAI21_X1          12    12.768    384.932    NangateOpenCellLibrary 
OAI221_X1          1     1.596     47.171    NangateOpenCellLibrary 
OAI22_X1          14    18.620    672.237    NangateOpenCellLibrary 
OR2_X1             6     6.384    140.902    NangateOpenCellLibrary 
XNOR2_X1          64   102.144   2393.152    NangateOpenCellLibrary 
XOR2_X1           12    19.152    425.123    NangateOpenCellLibrary 
--------------------------------------------------------------------
total            809  2083.046  37792.281                           


                                           Leakage  Leakage 
     Type      Instances   Area   Area % Power (nW) Power % 
------------------------------------------------------------
sequential           158  714.476   34.3  12402.269    32.8 
inverter               9    4.788    0.2    138.676     0.4 
logic                642 1363.782   65.5  25251.335    66.8 
physical_cells         0    0.000    0.0      0.000     0.0 
------------------------------------------------------------
total                809 2083.046  100.0  37792.281   100.0 

