###############################################################
#  Generated by:      Cadence Innovus 19.10-p002_1
#  OS:                Linux x86_64(Host ID ece031.ece.local.cmu.edu)
#  Generated on:      Tue Apr 22 11:28:22 2025
#  Design:            LeftShift_16_flopped
#  Command:           report_timing -nworst 10 > timing.rpt
###############################################################
Path 1: MET (7.845 ns) Setup Check with Pin multiplied_result_flopped_b_reg_31/CK->D
               View: analysis_default
              Group: Reg2Reg
         Startpoint: (R) b_flopped_reg_0_3/CK
              Clock: (R) ideal_clock
           Endpoint: (F) multiplied_result_flopped_b_reg_31/D
              Clock: (R) ideal_clock

                       Capture       Launch
         Clock Edge:+   10.000        0.000
        Src Latency:+   -0.073       -0.073
        Net Latency:+    0.054 (P)    0.091 (P)
            Arrival:=    9.981        0.018

              Setup:-    0.033
        Cppr Adjust:+    0.009
      Required Time:=    9.957
       Launch Clock:=    0.018
          Data Path:+    2.095
              Slack:=    7.845

#----------------------------------------------------------------------------------------
# Instance                            Arc     Cell       Trans   Delay  Arrival  Required  
#                                                         (ns)    (ns)     (ns)      Time  
#                                                                                    (ns)  
#----------------------------------------------------------------------------------------
  b_flopped_reg_0_3                   CK      (arrival)  0.033       -    0.018     7.863  
  b_flopped_reg_0_3                   CK->Q   DFF_X1     0.033   0.147    0.165     8.010  
  square_mul_50_69_g6407__1840        A2->ZN  AND2_X1    0.058   0.054    0.220     8.064  
  square_mul_50_69_g6334__1309        A->Z    XOR2_X1    0.018   0.055    0.274     8.119  
  square_mul_50_69_g6294__7344        CI->S   FA_X1      0.027   0.101    0.375     8.220  
  square_mul_50_69_g6250__6877        A->CO   FA_X1      0.018   0.079    0.454     8.299  
  square_mul_50_69_g6237__7344        CI->CO  FA_X1      0.015   0.073    0.528     8.372  
  square_mul_50_69_g6233__2250        CI->CO  FA_X1      0.016   0.073    0.601     8.445  
  square_mul_50_69_g6227__8757        CI->CO  FA_X1      0.015   0.073    0.673     8.518  
  square_mul_50_69_g6226__7118        CI->CO  FA_X1      0.015   0.072    0.745     8.590  
  square_mul_50_69_g6225__7675        CI->CO  FA_X1      0.015   0.072    0.817     8.662  
  square_mul_50_69_g6224__2391        CI->CO  FA_X1      0.015   0.072    0.890     8.734  
  square_mul_50_69_g6223__2900        CI->CO  FA_X1      0.015   0.074    0.964     8.809  
  square_mul_50_69_g6222__6877        CI->CO  FA_X1      0.016   0.074    1.038     8.882  
  square_mul_50_69_g6221__1309        CI->CO  FA_X1      0.016   0.072    1.110     8.955  
  square_mul_50_69_g6220__2683        CI->CO  FA_X1      0.015   0.072    1.182     9.027  
  square_mul_50_69_g6219__9682        CI->CO  FA_X1      0.015   0.073    1.255     9.100  
  square_mul_50_69_g6218__4547        CI->CO  FA_X1      0.015   0.073    1.328     9.173  
  square_mul_50_69_g6217__1474        CI->CO  FA_X1      0.015   0.072    1.401     9.245  
  square_mul_50_69_g6216__3772        CI->CO  FA_X1      0.015   0.073    1.474     9.319  
  square_mul_50_69_g6215__4296        CI->CO  FA_X1      0.016   0.072    1.546     9.391  
  square_mul_50_69_g6214__8780        CI->CO  FA_X1      0.015   0.073    1.619     9.464  
  square_mul_50_69_g6213__9906        CI->CO  FA_X1      0.015   0.073    1.692     9.537  
  square_mul_50_69_g6212__1857        CI->CO  FA_X1      0.015   0.073    1.765     9.610  
  square_mul_50_69_g6211__5019        CI->CO  FA_X1      0.015   0.072    1.837     9.682  
  square_mul_50_69_g6210__1840        CI->CO  FA_X1      0.015   0.072    1.909     9.754  
  square_mul_50_69_g6209__7344        CI->CO  FA_X1      0.015   0.076    1.985     9.830  
  square_mul_50_69_g6208__5795        A1->ZN  NAND2_X1   0.017   0.024    2.009     9.854  
  square_mul_50_69_g6207              A->ZN   INV_X1     0.014   0.009    2.018     9.862  
  square_mul_50_69_g6204__2250        A1->ZN  NAND3_X1   0.005   0.014    2.032     9.876  
  square_mul_50_69_g6202__7114        A1->ZN  NAND3_X1   0.015   0.027    2.058     9.903  
  square_mul_50_69_g6201__5703        A->ZN   AOI21_X1   0.017   0.043    2.102     9.946  
  square_mul_50_69_g6200              A->ZN   INV_X1     0.023   0.011    2.113     9.957  
  multiplied_result_flopped_b_reg_31  -       DFF_X1     0.008   0.000    2.113     9.957  
#----------------------------------------------------------------------------------------
Path 2: MET (7.845 ns) Setup Check with Pin multiplied_result_flopped_a_reg_31/CK->D
               View: analysis_default
              Group: Reg2Reg
         Startpoint: (R) a_flopped_reg_0_3/CK
              Clock: (R) ideal_clock
           Endpoint: (F) multiplied_result_flopped_a_reg_31/D
              Clock: (R) ideal_clock

                       Capture       Launch
         Clock Edge:+   10.000        0.000
        Src Latency:+   -0.073       -0.073
        Net Latency:+    0.055 (P)    0.086 (P)
            Arrival:=    9.983        0.013

              Setup:-    0.033
        Cppr Adjust:+    0.009
      Required Time:=    9.959
       Launch Clock:=    0.013
          Data Path:+    2.101
              Slack:=    7.845

#----------------------------------------------------------------------------------------
# Instance                            Arc     Cell       Trans   Delay  Arrival  Required  
#                                                         (ns)    (ns)     (ns)      Time  
#                                                                                    (ns)  
#----------------------------------------------------------------------------------------
  a_flopped_reg_0_3                   CK      (arrival)  0.032       -    0.013     7.858  
  a_flopped_reg_0_3                   CK->Q   DFF_X1     0.032   0.148    0.160     8.006  
  square_mul_49_69_g6407__2900        A2->ZN  AND2_X1    0.056   0.055    0.215     8.060  
  square_mul_49_69_g6334__6083        A->Z    XOR2_X1    0.019   0.055    0.271     8.116  
  square_mul_49_69_g6294__6877        CI->S   FA_X1      0.028   0.101    0.372     8.217  
  square_mul_49_69_g6250__2703        A->CO   FA_X1      0.018   0.080    0.451     8.297  
  square_mul_49_69_g6237__6877        CI->CO  FA_X1      0.015   0.073    0.524     8.369  
  square_mul_49_69_g6233__4547        CI->CO  FA_X1      0.015   0.073    0.597     8.442  
  square_mul_49_69_g6227__1857        CI->CO  FA_X1      0.015   0.073    0.670     8.515  
  square_mul_49_69_g6226__5019        CI->CO  FA_X1      0.015   0.072    0.742     8.587  
  square_mul_49_69_g6225__1840        CI->CO  FA_X1      0.015   0.072    0.814     8.660  
  square_mul_49_69_g6224__7344        CI->CO  FA_X1      0.015   0.074    0.888     8.733  
  square_mul_49_69_g6223__5795        CI->CO  FA_X1      0.016   0.074    0.962     8.807  
  square_mul_49_69_g6222__2703        CI->CO  FA_X1      0.016   0.073    1.035     8.880  
  square_mul_49_69_g6221__6083        CI->CO  FA_X1      0.015   0.073    1.108     8.953  
  square_mul_49_69_g6220__2250        CI->CO  FA_X1      0.015   0.073    1.181     9.026  
  square_mul_49_69_g6219__5266        CI->CO  FA_X1      0.015   0.073    1.254     9.099  
  square_mul_49_69_g6218__7114        CI->CO  FA_X1      0.015   0.073    1.327     9.172  
  square_mul_49_69_g6217__5703        CI->CO  FA_X1      0.015   0.076    1.402     9.247  
  square_mul_49_69_g6216__5953        CI->CO  FA_X1      0.017   0.073    1.475     9.320  
  square_mul_49_69_g6215__1786        CI->CO  FA_X1      0.015   0.072    1.548     9.393  
  square_mul_49_69_g6214__8757        CI->CO  FA_X1      0.015   0.075    1.622     9.467  
  square_mul_49_69_g6213__7118        CI->CO  FA_X1      0.016   0.073    1.695     9.540  
  square_mul_49_69_g6212__7675        CI->CO  FA_X1      0.015   0.073    1.768     9.613  
  square_mul_49_69_g6211__2391        CI->CO  FA_X1      0.015   0.073    1.841     9.686  
  square_mul_49_69_g6210__2900        CI->CO  FA_X1      0.016   0.072    1.913     9.758  
  square_mul_49_69_g6209__6877        CI->CO  FA_X1      0.015   0.076    1.990     9.835  
  square_mul_49_69_g6208__1309        A1->ZN  NAND2_X1   0.017   0.023    2.013     9.858  
  square_mul_49_69_g6207              A->ZN   INV_X1     0.013   0.009    2.022     9.867  
  square_mul_49_69_g6204__4547        A1->ZN  NAND3_X1   0.005   0.014    2.036     9.881  
  square_mul_49_69_g6202__3772        A1->ZN  NAND3_X1   0.015   0.026    2.062     9.907  
  square_mul_49_69_g6201__4296        A->ZN   AOI21_X1   0.016   0.044    2.106     9.951  
  square_mul_49_69_g6200              A->ZN   INV_X1     0.024   0.008    2.114     9.959  
  multiplied_result_flopped_a_reg_31  -       DFF_X1     0.007   0.000    2.114     9.959  
#----------------------------------------------------------------------------------------
Path 3: MET (7.848 ns) Setup Check with Pin multiplied_result_flopped_b_reg_31/CK->D
               View: analysis_default
              Group: Reg2Reg
         Startpoint: (R) b_flopped_reg_0_3/CK
              Clock: (R) ideal_clock
           Endpoint: (F) multiplied_result_flopped_b_reg_31/D
              Clock: (R) ideal_clock

                       Capture       Launch
         Clock Edge:+   10.000        0.000
        Src Latency:+   -0.073       -0.073
        Net Latency:+    0.054 (P)    0.091 (P)
            Arrival:=    9.981        0.018

              Setup:-    0.033
        Cppr Adjust:+    0.009
      Required Time:=    9.957
       Launch Clock:=    0.018
          Data Path:+    2.092
              Slack:=    7.848

#----------------------------------------------------------------------------------------
# Instance                            Arc     Cell       Trans   Delay  Arrival  Required  
#                                                         (ns)    (ns)     (ns)      Time  
#                                                                                    (ns)  
#----------------------------------------------------------------------------------------
  b_flopped_reg_0_3                   CK      (arrival)  0.033       -    0.018     7.866  
  b_flopped_reg_0_3                   CK->Q   DFF_X1     0.033   0.120    0.138     7.986  
  square_mul_50_69_g6414__1474        A2->ZN  AND2_X1    0.027   0.044    0.181     8.029  
  square_mul_50_69_g6327__8780        A->S    HA_X1      0.008   0.053    0.234     8.082  
  square_mul_50_69_g6274__1474        CI->CO  FA_X1      0.013   0.072    0.306     8.154  
  g6477                               CI->CO  FA_X1      0.015   0.073    0.379     8.227  
  square_mul_50_69_g6250__6877        CI->CO  FA_X1      0.015   0.072    0.451     8.299  
  square_mul_50_69_g6237__7344        CI->CO  FA_X1      0.015   0.073    0.525     8.372  
  square_mul_50_69_g6233__2250        CI->CO  FA_X1      0.016   0.073    0.597     8.445  
  square_mul_50_69_g6227__8757        CI->CO  FA_X1      0.015   0.073    0.670     8.518  
  square_mul_50_69_g6226__7118        CI->CO  FA_X1      0.015   0.072    0.742     8.590  
  square_mul_50_69_g6225__7675        CI->CO  FA_X1      0.015   0.072    0.814     8.662  
  square_mul_50_69_g6224__2391        CI->CO  FA_X1      0.015   0.072    0.886     8.734  
  square_mul_50_69_g6223__2900        CI->CO  FA_X1      0.015   0.074    0.961     8.809  
  square_mul_50_69_g6222__6877        CI->CO  FA_X1      0.016   0.074    1.035     8.882  
  square_mul_50_69_g6221__1309        CI->CO  FA_X1      0.016   0.072    1.107     8.955  
  square_mul_50_69_g6220__2683        CI->CO  FA_X1      0.015   0.072    1.179     9.027  
  square_mul_50_69_g6219__9682        CI->CO  FA_X1      0.015   0.073    1.252     9.100  
  square_mul_50_69_g6218__4547        CI->CO  FA_X1      0.015   0.073    1.325     9.173  
  square_mul_50_69_g6217__1474        CI->CO  FA_X1      0.015   0.072    1.397     9.245  
  square_mul_50_69_g6216__3772        CI->CO  FA_X1      0.015   0.073    1.471     9.319  
  square_mul_50_69_g6215__4296        CI->CO  FA_X1      0.016   0.072    1.543     9.391  
  square_mul_50_69_g6214__8780        CI->CO  FA_X1      0.015   0.073    1.616     9.464  
  square_mul_50_69_g6213__9906        CI->CO  FA_X1      0.015   0.073    1.689     9.537  
  square_mul_50_69_g6212__1857        CI->CO  FA_X1      0.015   0.073    1.762     9.610  
  square_mul_50_69_g6211__5019        CI->CO  FA_X1      0.015   0.072    1.834     9.682  
  square_mul_50_69_g6210__1840        CI->CO  FA_X1      0.015   0.072    1.906     9.754  
  square_mul_50_69_g6209__7344        CI->CO  FA_X1      0.015   0.076    1.982     9.830  
  square_mul_50_69_g6208__5795        A1->ZN  NAND2_X1   0.017   0.024    2.006     9.854  
  square_mul_50_69_g6207              A->ZN   INV_X1     0.014   0.009    2.014     9.862  
  square_mul_50_69_g6204__2250        A1->ZN  NAND3_X1   0.005   0.014    2.028     9.876  
  square_mul_50_69_g6202__7114        A1->ZN  NAND3_X1   0.015   0.027    2.055     9.903  
  square_mul_50_69_g6201__5703        A->ZN   AOI21_X1   0.017   0.043    2.098     9.946  
  square_mul_50_69_g6200              A->ZN   INV_X1     0.023   0.011    2.110     9.957  
  multiplied_result_flopped_b_reg_31  -       DFF_X1     0.008   0.000    2.110     9.957  
#----------------------------------------------------------------------------------------
Path 4: MET (7.849 ns) Setup Check with Pin multiplied_result_flopped_b_reg_31/CK->D
               View: analysis_default
              Group: Reg2Reg
         Startpoint: (R) b_flopped_reg_0_0/CK
              Clock: (R) ideal_clock
           Endpoint: (F) multiplied_result_flopped_b_reg_31/D
              Clock: (R) ideal_clock

                       Capture       Launch
         Clock Edge:+   10.000        0.000
        Src Latency:+   -0.073       -0.073
        Net Latency:+    0.054 (P)    0.090 (P)
            Arrival:=    9.981        0.018

              Setup:-    0.033
        Cppr Adjust:+    0.009
      Required Time:=    9.957
       Launch Clock:=    0.018
          Data Path:+    2.090
              Slack:=    7.849

#----------------------------------------------------------------------------------------
# Instance                            Arc     Cell       Trans   Delay  Arrival  Required  
#                                                         (ns)    (ns)     (ns)      Time  
#                                                                                    (ns)  
#----------------------------------------------------------------------------------------
  b_flopped_reg_0_0                   CK      (arrival)  0.033       -    0.018     7.867  
  b_flopped_reg_0_0                   CK->Q   DFF_X1     0.033   0.147    0.165     8.014  
  square_mul_50_69_g6414__1474        A1->ZN  AND2_X1    0.057   0.049    0.214     8.063  
  square_mul_50_69_g6327__8780        A->S    HA_X1      0.013   0.019    0.233     8.082  
  square_mul_50_69_g6274__1474        CI->CO  FA_X1      0.013   0.072    0.304     8.154  
  g6477                               CI->CO  FA_X1      0.015   0.073    0.377     8.227  
  square_mul_50_69_g6250__6877        CI->CO  FA_X1      0.015   0.072    0.450     8.299  
  square_mul_50_69_g6237__7344        CI->CO  FA_X1      0.015   0.073    0.523     8.372  
  square_mul_50_69_g6233__2250        CI->CO  FA_X1      0.016   0.073    0.596     8.445  
  square_mul_50_69_g6227__8757        CI->CO  FA_X1      0.015   0.073    0.669     8.518  
  square_mul_50_69_g6226__7118        CI->CO  FA_X1      0.015   0.072    0.741     8.590  
  square_mul_50_69_g6225__7675        CI->CO  FA_X1      0.015   0.072    0.813     8.662  
  square_mul_50_69_g6224__2391        CI->CO  FA_X1      0.015   0.072    0.885     8.734  
  square_mul_50_69_g6223__2900        CI->CO  FA_X1      0.015   0.074    0.959     8.809  
  square_mul_50_69_g6222__6877        CI->CO  FA_X1      0.016   0.074    1.033     8.882  
  square_mul_50_69_g6221__1309        CI->CO  FA_X1      0.016   0.072    1.105     8.955  
  square_mul_50_69_g6220__2683        CI->CO  FA_X1      0.015   0.072    1.178     9.027  
  square_mul_50_69_g6219__9682        CI->CO  FA_X1      0.015   0.073    1.251     9.100  
  square_mul_50_69_g6218__4547        CI->CO  FA_X1      0.015   0.073    1.323     9.173  
  square_mul_50_69_g6217__1474        CI->CO  FA_X1      0.015   0.072    1.396     9.245  
  square_mul_50_69_g6216__3772        CI->CO  FA_X1      0.015   0.073    1.469     9.319  
  square_mul_50_69_g6215__4296        CI->CO  FA_X1      0.016   0.072    1.542     9.391  
  square_mul_50_69_g6214__8780        CI->CO  FA_X1      0.015   0.073    1.615     9.464  
  square_mul_50_69_g6213__9906        CI->CO  FA_X1      0.015   0.073    1.688     9.537  
  square_mul_50_69_g6212__1857        CI->CO  FA_X1      0.015   0.073    1.760     9.610  
  square_mul_50_69_g6211__5019        CI->CO  FA_X1      0.015   0.072    1.832     9.682  
  square_mul_50_69_g6210__1840        CI->CO  FA_X1      0.015   0.072    1.905     9.754  
  square_mul_50_69_g6209__7344        CI->CO  FA_X1      0.015   0.076    1.981     9.830  
  square_mul_50_69_g6208__5795        A1->ZN  NAND2_X1   0.017   0.024    2.005     9.854  
  square_mul_50_69_g6207              A->ZN   INV_X1     0.014   0.009    2.013     9.862  
  square_mul_50_69_g6204__2250        A1->ZN  NAND3_X1   0.005   0.014    2.027     9.876  
  square_mul_50_69_g6202__7114        A1->ZN  NAND3_X1   0.015   0.027    2.054     9.903  
  square_mul_50_69_g6201__5703        A->ZN   AOI21_X1   0.017   0.043    2.097     9.946  
  square_mul_50_69_g6200              A->ZN   INV_X1     0.023   0.011    2.108     9.957  
  multiplied_result_flopped_b_reg_31  -       DFF_X1     0.008   0.000    2.108     9.957  
#----------------------------------------------------------------------------------------
Path 5: MET (7.850 ns) Setup Check with Pin multiplied_result_flopped_a_reg_31/CK->D
               View: analysis_default
              Group: Reg2Reg
         Startpoint: (R) a_flopped_reg_0_3/CK
              Clock: (R) ideal_clock
           Endpoint: (F) multiplied_result_flopped_a_reg_31/D
              Clock: (R) ideal_clock

                       Capture       Launch
         Clock Edge:+   10.000        0.000
        Src Latency:+   -0.073       -0.073
        Net Latency:+    0.055 (P)    0.086 (P)
            Arrival:=    9.983        0.013

              Setup:-    0.033
        Cppr Adjust:+    0.009
      Required Time:=    9.959
       Launch Clock:=    0.013
          Data Path:+    2.096
              Slack:=    7.850

#----------------------------------------------------------------------------------------
# Instance                            Arc     Cell       Trans   Delay  Arrival  Required  
#                                                         (ns)    (ns)     (ns)      Time  
#                                                                                    (ns)  
#----------------------------------------------------------------------------------------
  a_flopped_reg_0_3                   CK      (arrival)  0.032       -    0.013     7.863  
  a_flopped_reg_0_3                   CK->Q   DFF_X1     0.032   0.120    0.133     7.983  
  square_mul_49_69_g6414__5703        A2->ZN  AND2_X1    0.027   0.043    0.176     8.026  
  square_mul_49_69_g6327__8757        A->S    HA_X1      0.008   0.052    0.228     8.078  
  square_mul_49_69_g6274__5703        CI->CO  FA_X1      0.013   0.072    0.301     8.151  
  g2                                  CI->CO  FA_X1      0.015   0.073    0.374     8.224  
  square_mul_49_69_g6250__2703        CI->CO  FA_X1      0.015   0.073    0.447     8.297  
  square_mul_49_69_g6237__6877        CI->CO  FA_X1      0.015   0.073    0.520     8.369  
  square_mul_49_69_g6233__4547        CI->CO  FA_X1      0.015   0.073    0.592     8.442  
  square_mul_49_69_g6227__1857        CI->CO  FA_X1      0.015   0.073    0.665     8.515  
  square_mul_49_69_g6226__5019        CI->CO  FA_X1      0.015   0.072    0.737     8.587  
  square_mul_49_69_g6225__1840        CI->CO  FA_X1      0.015   0.072    0.810     8.660  
  square_mul_49_69_g6224__7344        CI->CO  FA_X1      0.015   0.074    0.883     8.733  
  square_mul_49_69_g6223__5795        CI->CO  FA_X1      0.016   0.074    0.957     8.807  
  square_mul_49_69_g6222__2703        CI->CO  FA_X1      0.016   0.073    1.030     8.880  
  square_mul_49_69_g6221__6083        CI->CO  FA_X1      0.015   0.073    1.103     8.953  
  square_mul_49_69_g6220__2250        CI->CO  FA_X1      0.015   0.073    1.176     9.026  
  square_mul_49_69_g6219__5266        CI->CO  FA_X1      0.015   0.073    1.249     9.099  
  square_mul_49_69_g6218__7114        CI->CO  FA_X1      0.015   0.073    1.322     9.172  
  square_mul_49_69_g6217__5703        CI->CO  FA_X1      0.015   0.076    1.397     9.247  
  square_mul_49_69_g6216__5953        CI->CO  FA_X1      0.017   0.073    1.470     9.320  
  square_mul_49_69_g6215__1786        CI->CO  FA_X1      0.015   0.072    1.543     9.393  
  square_mul_49_69_g6214__8757        CI->CO  FA_X1      0.015   0.075    1.617     9.467  
  square_mul_49_69_g6213__7118        CI->CO  FA_X1      0.016   0.073    1.690     9.540  
  square_mul_49_69_g6212__7675        CI->CO  FA_X1      0.015   0.073    1.763     9.613  
  square_mul_49_69_g6211__2391        CI->CO  FA_X1      0.015   0.073    1.836     9.686  
  square_mul_49_69_g6210__2900        CI->CO  FA_X1      0.016   0.072    1.908     9.758  
  square_mul_49_69_g6209__6877        CI->CO  FA_X1      0.015   0.076    1.985     9.835  
  square_mul_49_69_g6208__1309        A1->ZN  NAND2_X1   0.017   0.023    2.008     9.858  
  square_mul_49_69_g6207              A->ZN   INV_X1     0.013   0.009    2.017     9.867  
  square_mul_49_69_g6204__4547        A1->ZN  NAND3_X1   0.005   0.014    2.031     9.881  
  square_mul_49_69_g6202__3772        A1->ZN  NAND3_X1   0.015   0.026    2.057     9.907  
  square_mul_49_69_g6201__4296        A->ZN   AOI21_X1   0.016   0.044    2.101     9.951  
  square_mul_49_69_g6200              A->ZN   INV_X1     0.024   0.008    2.109     9.959  
  multiplied_result_flopped_a_reg_31  -       DFF_X1     0.007   0.000    2.109     9.959  
#----------------------------------------------------------------------------------------
Path 6: MET (7.850 ns) Setup Check with Pin multiplied_result_flopped_b_reg_31/CK->D
               View: analysis_default
              Group: Reg2Reg
         Startpoint: (R) b_flopped_reg_0_3/CK
              Clock: (R) ideal_clock
           Endpoint: (F) multiplied_result_flopped_b_reg_31/D
              Clock: (R) ideal_clock

                       Capture       Launch
         Clock Edge:+   10.000        0.000
        Src Latency:+   -0.073       -0.073
        Net Latency:+    0.054 (P)    0.091 (P)
            Arrival:=    9.981        0.018

              Setup:-    0.033
        Cppr Adjust:+    0.009
      Required Time:=    9.957
       Launch Clock:=    0.018
          Data Path:+    2.090
              Slack:=    7.850

#----------------------------------------------------------------------------------------
# Instance                            Arc     Cell       Trans   Delay  Arrival  Required  
#                                                         (ns)    (ns)     (ns)      Time  
#                                                                                    (ns)  
#----------------------------------------------------------------------------------------
  b_flopped_reg_0_3                   CK      (arrival)  0.033       -    0.018     7.868  
  b_flopped_reg_0_3                   CK->Q   DFF_X1     0.033   0.148    0.166     8.016  
  square_mul_50_69_g6414__1474        A2->ZN  AND2_X1    0.058   0.047    0.213     8.063  
  square_mul_50_69_g6327__8780        A->S    HA_X1      0.013   0.019    0.232     8.082  
  square_mul_50_69_g6274__1474        CI->CO  FA_X1      0.013   0.072    0.304     8.154  
  g6477                               CI->CO  FA_X1      0.015   0.073    0.377     8.227  
  square_mul_50_69_g6250__6877        CI->CO  FA_X1      0.015   0.072    0.449     8.299  
  square_mul_50_69_g6237__7344        CI->CO  FA_X1      0.015   0.073    0.522     8.372  
  square_mul_50_69_g6233__2250        CI->CO  FA_X1      0.016   0.073    0.595     8.445  
  square_mul_50_69_g6227__8757        CI->CO  FA_X1      0.015   0.073    0.668     8.518  
  square_mul_50_69_g6226__7118        CI->CO  FA_X1      0.015   0.072    0.740     8.590  
  square_mul_50_69_g6225__7675        CI->CO  FA_X1      0.015   0.072    0.812     8.662  
  square_mul_50_69_g6224__2391        CI->CO  FA_X1      0.015   0.072    0.884     8.734  
  square_mul_50_69_g6223__2900        CI->CO  FA_X1      0.015   0.074    0.959     8.809  
  square_mul_50_69_g6222__6877        CI->CO  FA_X1      0.016   0.074    1.032     8.882  
  square_mul_50_69_g6221__1309        CI->CO  FA_X1      0.016   0.072    1.105     8.955  
  square_mul_50_69_g6220__2683        CI->CO  FA_X1      0.015   0.072    1.177     9.027  
  square_mul_50_69_g6219__9682        CI->CO  FA_X1      0.015   0.073    1.250     9.100  
  square_mul_50_69_g6218__4547        CI->CO  FA_X1      0.015   0.073    1.323     9.173  
  square_mul_50_69_g6217__1474        CI->CO  FA_X1      0.015   0.072    1.395     9.245  
  square_mul_50_69_g6216__3772        CI->CO  FA_X1      0.015   0.073    1.469     9.319  
  square_mul_50_69_g6215__4296        CI->CO  FA_X1      0.016   0.072    1.541     9.391  
  square_mul_50_69_g6214__8780        CI->CO  FA_X1      0.015   0.073    1.614     9.464  
  square_mul_50_69_g6213__9906        CI->CO  FA_X1      0.015   0.073    1.687     9.537  
  square_mul_50_69_g6212__1857        CI->CO  FA_X1      0.015   0.073    1.760     9.610  
  square_mul_50_69_g6211__5019        CI->CO  FA_X1      0.015   0.072    1.832     9.682  
  square_mul_50_69_g6210__1840        CI->CO  FA_X1      0.015   0.072    1.904     9.754  
  square_mul_50_69_g6209__7344        CI->CO  FA_X1      0.015   0.076    1.980     9.830  
  square_mul_50_69_g6208__5795        A1->ZN  NAND2_X1   0.017   0.024    2.004     9.854  
  square_mul_50_69_g6207              A->ZN   INV_X1     0.014   0.009    2.012     9.862  
  square_mul_50_69_g6204__2250        A1->ZN  NAND3_X1   0.005   0.014    2.026     9.876  
  square_mul_50_69_g6202__7114        A1->ZN  NAND3_X1   0.015   0.027    2.053     9.903  
  square_mul_50_69_g6201__5703        A->ZN   AOI21_X1   0.017   0.043    2.096     9.946  
  square_mul_50_69_g6200              A->ZN   INV_X1     0.023   0.011    2.107     9.957  
  multiplied_result_flopped_b_reg_31  -       DFF_X1     0.008   0.000    2.107     9.957  
#----------------------------------------------------------------------------------------
Path 7: MET (7.851 ns) Setup Check with Pin multiplied_result_flopped_b_reg_31/CK->D
               View: analysis_default
              Group: Reg2Reg
         Startpoint: (R) b_flopped_reg_0_0/CK
              Clock: (R) ideal_clock
           Endpoint: (F) multiplied_result_flopped_b_reg_31/D
              Clock: (R) ideal_clock

                       Capture       Launch
         Clock Edge:+   10.000        0.000
        Src Latency:+   -0.073       -0.073
        Net Latency:+    0.054 (P)    0.090 (P)
            Arrival:=    9.981        0.018

              Setup:-    0.033
        Cppr Adjust:+    0.009
      Required Time:=    9.957
       Launch Clock:=    0.018
          Data Path:+    2.088
              Slack:=    7.851

#----------------------------------------------------------------------------------------
# Instance                            Arc     Cell       Trans   Delay  Arrival  Required  
#                                                         (ns)    (ns)     (ns)      Time  
#                                                                                    (ns)  
#----------------------------------------------------------------------------------------
  b_flopped_reg_0_0                   CK      (arrival)  0.033       -    0.018     7.869  
  b_flopped_reg_0_0                   CK->Q   DFF_X1     0.033   0.120    0.138     7.989  
  square_mul_50_69_g6414__1474        A1->ZN  AND2_X1    0.027   0.041    0.178     8.029  
  square_mul_50_69_g6327__8780        A->S    HA_X1      0.008   0.053    0.231     8.082  
  square_mul_50_69_g6274__1474        CI->CO  FA_X1      0.013   0.072    0.302     8.154  
  g6477                               CI->CO  FA_X1      0.015   0.073    0.376     8.227  
  square_mul_50_69_g6250__6877        CI->CO  FA_X1      0.015   0.072    0.448     8.299  
  square_mul_50_69_g6237__7344        CI->CO  FA_X1      0.015   0.073    0.521     8.372  
  square_mul_50_69_g6233__2250        CI->CO  FA_X1      0.016   0.073    0.594     8.445  
  square_mul_50_69_g6227__8757        CI->CO  FA_X1      0.015   0.073    0.667     8.518  
  square_mul_50_69_g6226__7118        CI->CO  FA_X1      0.015   0.072    0.739     8.590  
  square_mul_50_69_g6225__7675        CI->CO  FA_X1      0.015   0.072    0.811     8.662  
  square_mul_50_69_g6224__2391        CI->CO  FA_X1      0.015   0.072    0.883     8.734  
  square_mul_50_69_g6223__2900        CI->CO  FA_X1      0.015   0.074    0.957     8.809  
  square_mul_50_69_g6222__6877        CI->CO  FA_X1      0.016   0.074    1.031     8.882  
  square_mul_50_69_g6221__1309        CI->CO  FA_X1      0.016   0.072    1.103     8.955  
  square_mul_50_69_g6220__2683        CI->CO  FA_X1      0.015   0.072    1.176     9.027  
  square_mul_50_69_g6219__9682        CI->CO  FA_X1      0.015   0.073    1.249     9.100  
  square_mul_50_69_g6218__4547        CI->CO  FA_X1      0.015   0.073    1.322     9.173  
  square_mul_50_69_g6217__1474        CI->CO  FA_X1      0.015   0.072    1.394     9.245  
  square_mul_50_69_g6216__3772        CI->CO  FA_X1      0.015   0.073    1.467     9.319  
  square_mul_50_69_g6215__4296        CI->CO  FA_X1      0.016   0.072    1.540     9.391  
  square_mul_50_69_g6214__8780        CI->CO  FA_X1      0.015   0.073    1.613     9.464  
  square_mul_50_69_g6213__9906        CI->CO  FA_X1      0.015   0.073    1.686     9.537  
  square_mul_50_69_g6212__1857        CI->CO  FA_X1      0.015   0.073    1.758     9.610  
  square_mul_50_69_g6211__5019        CI->CO  FA_X1      0.015   0.072    1.830     9.682  
  square_mul_50_69_g6210__1840        CI->CO  FA_X1      0.015   0.072    1.903     9.754  
  square_mul_50_69_g6209__7344        CI->CO  FA_X1      0.015   0.076    1.979     9.830  
  square_mul_50_69_g6208__5795        A1->ZN  NAND2_X1   0.017   0.024    2.003     9.854  
  square_mul_50_69_g6207              A->ZN   INV_X1     0.014   0.009    2.011     9.862  
  square_mul_50_69_g6204__2250        A1->ZN  NAND3_X1   0.005   0.014    2.025     9.876  
  square_mul_50_69_g6202__7114        A1->ZN  NAND3_X1   0.015   0.027    2.052     9.903  
  square_mul_50_69_g6201__5703        A->ZN   AOI21_X1   0.017   0.043    2.095     9.946  
  square_mul_50_69_g6200              A->ZN   INV_X1     0.023   0.011    2.106     9.957  
  multiplied_result_flopped_b_reg_31  -       DFF_X1     0.008   0.000    2.106     9.957  
#----------------------------------------------------------------------------------------
Path 8: MET (7.851 ns) Setup Check with Pin multiplied_result_flopped_a_reg_31/CK->D
               View: analysis_default
              Group: Reg2Reg
         Startpoint: (R) a_flopped_reg_0_0/CK
              Clock: (R) ideal_clock
           Endpoint: (F) multiplied_result_flopped_a_reg_31/D
              Clock: (R) ideal_clock

                       Capture       Launch
         Clock Edge:+   10.000        0.000
        Src Latency:+   -0.073       -0.073
        Net Latency:+    0.055 (P)    0.087 (P)
            Arrival:=    9.983        0.014

              Setup:-    0.033
        Cppr Adjust:+    0.009
      Required Time:=    9.959
       Launch Clock:=    0.014
          Data Path:+    2.094
              Slack:=    7.851

#----------------------------------------------------------------------------------------
# Instance                            Arc     Cell       Trans   Delay  Arrival  Required  
#                                                         (ns)    (ns)     (ns)      Time  
#                                                                                    (ns)  
#----------------------------------------------------------------------------------------
  a_flopped_reg_0_0                   CK      (arrival)  0.032       -    0.014     7.865  
  a_flopped_reg_0_0                   CK->Q   DFF_X1     0.032   0.146    0.160     8.011  
  square_mul_49_69_g6414__5703        A1->ZN  AND2_X1    0.055   0.049    0.208     8.060  
  square_mul_49_69_g6327__8757        A->S    HA_X1      0.013   0.018    0.227     8.078  
  square_mul_49_69_g6274__5703        CI->CO  FA_X1      0.013   0.072    0.299     8.151  
  g2                                  CI->CO  FA_X1      0.015   0.073    0.372     8.224  
  square_mul_49_69_g6250__2703        CI->CO  FA_X1      0.015   0.073    0.445     8.297  
  square_mul_49_69_g6237__6877        CI->CO  FA_X1      0.015   0.073    0.518     8.369  
  square_mul_49_69_g6233__4547        CI->CO  FA_X1      0.015   0.073    0.591     8.442  
  square_mul_49_69_g6227__1857        CI->CO  FA_X1      0.015   0.073    0.664     8.515  
  square_mul_49_69_g6226__5019        CI->CO  FA_X1      0.015   0.072    0.736     8.587  
  square_mul_49_69_g6225__1840        CI->CO  FA_X1      0.015   0.072    0.808     8.660  
  square_mul_49_69_g6224__7344        CI->CO  FA_X1      0.015   0.074    0.882     8.733  
  square_mul_49_69_g6223__5795        CI->CO  FA_X1      0.016   0.074    0.955     8.807  
  square_mul_49_69_g6222__2703        CI->CO  FA_X1      0.016   0.073    1.028     8.880  
  square_mul_49_69_g6221__6083        CI->CO  FA_X1      0.015   0.073    1.101     8.953  
  square_mul_49_69_g6220__2250        CI->CO  FA_X1      0.015   0.073    1.174     9.026  
  square_mul_49_69_g6219__5266        CI->CO  FA_X1      0.015   0.073    1.247     9.099  
  square_mul_49_69_g6218__7114        CI->CO  FA_X1      0.015   0.073    1.320     9.172  
  square_mul_49_69_g6217__5703        CI->CO  FA_X1      0.015   0.076    1.396     9.247  
  square_mul_49_69_g6216__5953        CI->CO  FA_X1      0.017   0.073    1.469     9.320  
  square_mul_49_69_g6215__1786        CI->CO  FA_X1      0.015   0.072    1.541     9.393  
  square_mul_49_69_g6214__8757        CI->CO  FA_X1      0.015   0.075    1.616     9.467  
  square_mul_49_69_g6213__7118        CI->CO  FA_X1      0.016   0.073    1.689     9.540  
  square_mul_49_69_g6212__7675        CI->CO  FA_X1      0.015   0.073    1.761     9.613  
  square_mul_49_69_g6211__2391        CI->CO  FA_X1      0.015   0.073    1.835     9.686  
  square_mul_49_69_g6210__2900        CI->CO  FA_X1      0.016   0.072    1.907     9.758  
  square_mul_49_69_g6209__6877        CI->CO  FA_X1      0.015   0.076    1.983     9.835  
  square_mul_49_69_g6208__1309        A1->ZN  NAND2_X1   0.017   0.023    2.007     9.858  
  square_mul_49_69_g6207              A->ZN   INV_X1     0.013   0.009    2.015     9.867  
  square_mul_49_69_g6204__4547        A1->ZN  NAND3_X1   0.005   0.014    2.029     9.881  
  square_mul_49_69_g6202__3772        A1->ZN  NAND3_X1   0.015   0.026    2.055     9.907  
  square_mul_49_69_g6201__4296        A->ZN   AOI21_X1   0.016   0.044    2.099     9.951  
  square_mul_49_69_g6200              A->ZN   INV_X1     0.024   0.008    2.108     9.959  
  multiplied_result_flopped_a_reg_31  -       DFF_X1     0.007   0.000    2.108     9.959  
#----------------------------------------------------------------------------------------
Path 9: MET (7.852 ns) Setup Check with Pin multiplied_result_flopped_a_reg_31/CK->D
               View: analysis_default
              Group: Reg2Reg
         Startpoint: (R) a_flopped_reg_0_0/CK
              Clock: (R) ideal_clock
           Endpoint: (F) multiplied_result_flopped_a_reg_31/D
              Clock: (R) ideal_clock

                       Capture       Launch
         Clock Edge:+   10.000        0.000
        Src Latency:+   -0.073       -0.073
        Net Latency:+    0.055 (P)    0.087 (P)
            Arrival:=    9.983        0.014

              Setup:-    0.033
        Cppr Adjust:+    0.009
      Required Time:=    9.959
       Launch Clock:=    0.014
          Data Path:+    2.093
              Slack:=    7.852

#----------------------------------------------------------------------------------------
# Instance                            Arc     Cell       Trans   Delay  Arrival  Required  
#                                                         (ns)    (ns)     (ns)      Time  
#                                                                                    (ns)  
#----------------------------------------------------------------------------------------
  a_flopped_reg_0_0                   CK      (arrival)  0.032       -    0.014     7.866  
  a_flopped_reg_0_0                   CK->Q   DFF_X1     0.032   0.119    0.133     7.986  
  square_mul_49_69_g6414__5703        A1->ZN  AND2_X1    0.026   0.040    0.174     8.026  
  square_mul_49_69_g6327__8757        A->S    HA_X1      0.008   0.052    0.226     8.078  
  square_mul_49_69_g6274__5703        CI->CO  FA_X1      0.013   0.072    0.298     8.151  
  g2                                  CI->CO  FA_X1      0.015   0.073    0.371     8.224  
  square_mul_49_69_g6250__2703        CI->CO  FA_X1      0.015   0.073    0.444     8.297  
  square_mul_49_69_g6237__6877        CI->CO  FA_X1      0.015   0.073    0.517     8.369  
  square_mul_49_69_g6233__4547        CI->CO  FA_X1      0.015   0.073    0.590     8.442  
  square_mul_49_69_g6227__1857        CI->CO  FA_X1      0.015   0.073    0.663     8.515  
  square_mul_49_69_g6226__5019        CI->CO  FA_X1      0.015   0.072    0.735     8.587  
  square_mul_49_69_g6225__1840        CI->CO  FA_X1      0.015   0.072    0.807     8.660  
  square_mul_49_69_g6224__7344        CI->CO  FA_X1      0.015   0.074    0.881     8.733  
  square_mul_49_69_g6223__5795        CI->CO  FA_X1      0.016   0.074    0.954     8.807  
  square_mul_49_69_g6222__2703        CI->CO  FA_X1      0.016   0.073    1.027     8.880  
  square_mul_49_69_g6221__6083        CI->CO  FA_X1      0.015   0.073    1.100     8.953  
  square_mul_49_69_g6220__2250        CI->CO  FA_X1      0.015   0.073    1.173     9.026  
  square_mul_49_69_g6219__5266        CI->CO  FA_X1      0.015   0.073    1.246     9.099  
  square_mul_49_69_g6218__7114        CI->CO  FA_X1      0.015   0.073    1.319     9.172  
  square_mul_49_69_g6217__5703        CI->CO  FA_X1      0.015   0.076    1.395     9.247  
  square_mul_49_69_g6216__5953        CI->CO  FA_X1      0.017   0.073    1.468     9.320  
  square_mul_49_69_g6215__1786        CI->CO  FA_X1      0.015   0.072    1.540     9.393  
  square_mul_49_69_g6214__8757        CI->CO  FA_X1      0.015   0.075    1.615     9.467  
  square_mul_49_69_g6213__7118        CI->CO  FA_X1      0.016   0.073    1.688     9.540  
  square_mul_49_69_g6212__7675        CI->CO  FA_X1      0.015   0.073    1.760     9.613  
  square_mul_49_69_g6211__2391        CI->CO  FA_X1      0.015   0.073    1.834     9.686  
  square_mul_49_69_g6210__2900        CI->CO  FA_X1      0.016   0.072    1.906     9.758  
  square_mul_49_69_g6209__6877        CI->CO  FA_X1      0.015   0.076    1.982     9.835  
  square_mul_49_69_g6208__1309        A1->ZN  NAND2_X1   0.017   0.023    2.006     9.858  
  square_mul_49_69_g6207              A->ZN   INV_X1     0.013   0.009    2.014     9.867  
  square_mul_49_69_g6204__4547        A1->ZN  NAND3_X1   0.005   0.014    2.028     9.881  
  square_mul_49_69_g6202__3772        A1->ZN  NAND3_X1   0.015   0.026    2.054     9.907  
  square_mul_49_69_g6201__4296        A->ZN   AOI21_X1   0.016   0.044    2.098     9.951  
  square_mul_49_69_g6200              A->ZN   INV_X1     0.024   0.008    2.107     9.959  
  multiplied_result_flopped_a_reg_31  -       DFF_X1     0.007   0.000    2.107     9.959  
#----------------------------------------------------------------------------------------
Path 10: MET (7.853 ns) Setup Check with Pin multiplied_result_flopped_a_reg_31/CK->D
               View: analysis_default
              Group: Reg2Reg
         Startpoint: (R) a_flopped_reg_0_3/CK
              Clock: (R) ideal_clock
           Endpoint: (F) multiplied_result_flopped_a_reg_31/D
              Clock: (R) ideal_clock

                       Capture       Launch
         Clock Edge:+   10.000        0.000
        Src Latency:+   -0.073       -0.073
        Net Latency:+    0.055 (P)    0.086 (P)
            Arrival:=    9.983        0.013

              Setup:-    0.033
        Cppr Adjust:+    0.009
      Required Time:=    9.959
       Launch Clock:=    0.013
          Data Path:+    2.094
              Slack:=    7.853

#----------------------------------------------------------------------------------------
# Instance                            Arc     Cell       Trans   Delay  Arrival  Required  
#                                                         (ns)    (ns)     (ns)      Time  
#                                                                                    (ns)  
#----------------------------------------------------------------------------------------
  a_flopped_reg_0_3                   CK      (arrival)  0.032       -    0.013     7.866  
  a_flopped_reg_0_3                   CK->Q   DFF_X1     0.032   0.147    0.160     8.013  
  square_mul_49_69_g6414__5703        A2->ZN  AND2_X1    0.056   0.047    0.207     8.060  
  square_mul_49_69_g6327__8757        A->S    HA_X1      0.013   0.018    0.226     8.078  
  square_mul_49_69_g6274__5703        CI->CO  FA_X1      0.013   0.072    0.298     8.151  
  g2                                  CI->CO  FA_X1      0.015   0.073    0.371     8.224  
  square_mul_49_69_g6250__2703        CI->CO  FA_X1      0.015   0.073    0.444     8.297  
  square_mul_49_69_g6237__6877        CI->CO  FA_X1      0.015   0.073    0.517     8.369  
  square_mul_49_69_g6233__4547        CI->CO  FA_X1      0.015   0.073    0.590     8.442  
  square_mul_49_69_g6227__1857        CI->CO  FA_X1      0.015   0.073    0.662     8.515  
  square_mul_49_69_g6226__5019        CI->CO  FA_X1      0.015   0.072    0.734     8.587  
  square_mul_49_69_g6225__1840        CI->CO  FA_X1      0.015   0.072    0.807     8.660  
  square_mul_49_69_g6224__7344        CI->CO  FA_X1      0.015   0.074    0.880     8.733  
  square_mul_49_69_g6223__5795        CI->CO  FA_X1      0.016   0.074    0.954     8.807  
  square_mul_49_69_g6222__2703        CI->CO  FA_X1      0.016   0.073    1.027     8.880  
  square_mul_49_69_g6221__6083        CI->CO  FA_X1      0.015   0.073    1.100     8.953  
  square_mul_49_69_g6220__2250        CI->CO  FA_X1      0.015   0.073    1.173     9.026  
  square_mul_49_69_g6219__5266        CI->CO  FA_X1      0.015   0.073    1.246     9.099  
  square_mul_49_69_g6218__7114        CI->CO  FA_X1      0.015   0.073    1.319     9.172  
  square_mul_49_69_g6217__5703        CI->CO  FA_X1      0.015   0.076    1.395     9.247  
  square_mul_49_69_g6216__5953        CI->CO  FA_X1      0.017   0.073    1.468     9.320  
  square_mul_49_69_g6215__1786        CI->CO  FA_X1      0.015   0.072    1.540     9.393  
  square_mul_49_69_g6214__8757        CI->CO  FA_X1      0.015   0.075    1.615     9.467  
  square_mul_49_69_g6213__7118        CI->CO  FA_X1      0.016   0.073    1.687     9.540  
  square_mul_49_69_g6212__7675        CI->CO  FA_X1      0.015   0.073    1.760     9.613  
  square_mul_49_69_g6211__2391        CI->CO  FA_X1      0.015   0.073    1.833     9.686  
  square_mul_49_69_g6210__2900        CI->CO  FA_X1      0.016   0.072    1.906     9.758  
  square_mul_49_69_g6209__6877        CI->CO  FA_X1      0.015   0.076    1.982     9.835  
  square_mul_49_69_g6208__1309        A1->ZN  NAND2_X1   0.017   0.023    2.005     9.858  
  square_mul_49_69_g6207              A->ZN   INV_X1     0.013   0.009    2.014     9.867  
  square_mul_49_69_g6204__4547        A1->ZN  NAND3_X1   0.005   0.014    2.028     9.881  
  square_mul_49_69_g6202__3772        A1->ZN  NAND3_X1   0.015   0.026    2.054     9.907  
  square_mul_49_69_g6201__4296        A->ZN   AOI21_X1   0.016   0.044    2.098     9.951  
  square_mul_49_69_g6200              A->ZN   INV_X1     0.024   0.008    2.107     9.959  
  multiplied_result_flopped_a_reg_31  -       DFF_X1     0.007   0.000    2.107     9.959  
#----------------------------------------------------------------------------------------

