============================================================
  Generated by:           Genus(TM) Synthesis Solution 18.14-s037_1
  Generated on:           Apr 21 2025  05:56:34 pm
  Module:                 mult_16b_flopped
  Technology library:     NangateOpenCellLibrary revision 1.0
  Operating conditions:   typical 
  Interconnect mode:      global
  Area mode:              physical library
============================================================

                                Leakage  
   Gate    Instances   Area   Power (nW)          Library          
-------------------------------------------------------------------
AND2_X1            1    1.064     24.898    NangateOpenCellLibrary 
AOI221_X1          6    9.576    261.760    NangateOpenCellLibrary 
AOI22_X1           1    1.330     33.820    NangateOpenCellLibrary 
DFF_X1            48  217.056   3795.532    NangateOpenCellLibrary 
FA_X1             49  208.544   3356.668    NangateOpenCellLibrary 
HA_X1              7   18.620    377.356    NangateOpenCellLibrary 
INV_X1            13    6.916    187.222    NangateOpenCellLibrary 
MUX2_X1            1    1.862     38.747    NangateOpenCellLibrary 
NAND2_X1           8    6.384    138.854    NangateOpenCellLibrary 
NOR2_X1            8    6.384    168.573    NangateOpenCellLibrary 
OAI211_X1          1    1.330     23.766    NangateOpenCellLibrary 
OAI21_X1           1    1.064     22.619    NangateOpenCellLibrary 
OAI22_X1          62   82.460   2198.930    NangateOpenCellLibrary 
OR2_X1             6    6.384    136.173    NangateOpenCellLibrary 
XNOR2_X1          96  153.216   3507.418    NangateOpenCellLibrary 
XOR2_X1            2    3.192     63.139    NangateOpenCellLibrary 
XOR2_X2            2    4.788    145.238    NangateOpenCellLibrary 
-------------------------------------------------------------------
total            312  730.170  14480.712                           


                                          Leakage  Leakage 
     Type      Instances   Area  Area % Power (nW) Power % 
-----------------------------------------------------------
sequential            48 217.056   29.7   3795.532    26.2 
inverter              13   6.916    0.9    187.222     1.3 
logic                251 506.198   69.3  10497.958    72.5 
physical_cells         0   0.000    0.0      0.000     0.0 
-----------------------------------------------------------
total                312 730.170  100.0  14480.712   100.0 

