============================================================
  Generated by:           Genus(TM) Synthesis Solution 18.14-s037_1
  Generated on:           Apr 21 2025  05:56:33 pm
  Module:                 mult_16b_flopped
  Technology library:     NangateOpenCellLibrary revision 1.0
  Operating conditions:   typical 
  Interconnect mode:      global
  Area mode:              physical library
============================================================

Timing
--------

   Clock     Period 
--------------------
ideal_clock 10000.0 


    Cost      Critical         Violating 
   Group     Path Slack  TNS     Paths   
-----------------------------------------
default        No paths   0.0            
ideal_clock      8459.3   0.0          0 
-----------------------------------------
Total                     0.0          0 

Instance Count
--------------
Leaf Instance Count             312 
Physical Instance count           0 
Sequential Instance Count        48 
Combinational Instance Count    264 
Hierarchical Instance Count       1 

Area
----
Cell Area                          730.170
Physical Cell Area                 0.000
Total Cell Area (Cell+Physical)    730.170
Net Area                           472.300
Total Area (Cell+Physical+Net)     1202.470

Runtime                            0.0 seconds
Elapsed Runtime                    29 seconds
Genus peak memory usage            630.68 
Innovus peak memory usage          no_value 
Hostname                           ECE022.ece.local.cmu.edu
