
Power Net Detected:
    Voltage	    Name
    0.00V	    VSSE
    0.00V	    VSSPST
    0.00V	    VPW
    0.00V	    VSS
    0.00V	    VDDPE
    0.00V	    VDDCE
    0.00V	    POC
    0.00V	    VDDPST
    0.00V	    VNW
    1.10V	    VDD
Using Power View: analysis_default.
Starting SI iteration 1 using Infinite Timing Windows
#################################################################################
# Design Stage: PostRoute
# Design Name: mult_16b_flopped
# Design Mode: 45nm
# Analysis Mode: MMMC OCV 
# Parasitics Mode: No SPEF/RCDB
# Signoff Settings: SI On 
#################################################################################
Extraction called for design 'mult_16b_flopped' of instances=1153 and nets=576 using extraction engine 'post_route' at effort level 'low' .
post_route (extract_rc_effort_level low) RC Extraction called for design mult_16b_flopped.
RC Extraction called in multi-corner(1) mode.
Process corner(s) are loaded.
 Corner: typical
extractDetailRC Option : -outfile /tmp/innovus_temp_882701_ece022.ece.local.cmu.edu_dchinmay_bRTE2u/mult_16b_flopped_882701_MRAU8d.rcdb.d  -extended
RC Mode: PostRoute extract_rc_effort_level low [Extended CapTable, RC Table Resistances]
      RC Corner Indexes            0   
Capacitance Scaling Factor   : 1.00000 
Coupling Cap. Scaling Factor : 1.00000 
Resistance Scaling Factor    : 1.00000 
Clock Cap. Scaling Factor    : 1.00000 
Clock Res. Scaling Factor    : 1.00000 
Shrink Factor                : 1.00000
Initializing multi-corner capacitance tables ... 
Initializing multi-corner resistance tables ...
Checking LVS Completed (CPU Time= 0:00:00.0  MEM= 977.7M)
Extracted 10.05% (CPU Time= 0:00:00.2  MEM= 1035.1M)
Extracted 20.0444% (CPU Time= 0:00:00.2  MEM= 1035.1M)
Extracted 30.0389% (CPU Time= 0:00:00.2  MEM= 1035.1M)
Extracted 40.0333% (CPU Time= 0:00:00.2  MEM= 1035.1M)
Extracted 50.0555% (CPU Time= 0:00:00.2  MEM= 1035.1M)
Extracted 60.05% (CPU Time= 0:00:00.2  MEM= 1035.1M)
Extracted 70.0444% (CPU Time= 0:00:00.2  MEM= 1036.1M)
Extracted 80.0389% (CPU Time= 0:00:00.2  MEM= 1036.1M)
Extracted 90.0333% (CPU Time= 0:00:00.2  MEM= 1036.1M)
Extracted 100% (CPU Time= 0:00:00.3  MEM= 1036.1M)
Number of Extracted Resistors     : 5995
Number of Extracted Ground Cap.   : 6425
Number of Extracted Coupling Cap. : 11976
Filtering XCap in 'relativeAndCoupling' mode using values coupling_c_threshold=0.1fF, relative_c_threshold=1, and total_c_threshold=0fF.
 Corner: typical
Checking LVS Completed (CPU Time= 0:00:00.0  MEM= 1018.1M)
PostRoute (extract_rc_effort_level low) RC Extraction DONE (CPU Time: 0:00:00.3  Real Time: 0:00:01.0  MEM: 1018.113M)
AAE_INFO: 1 threads acquired from CTE.
Calculate early delays in OCV mode...
Calculate late delays in OCV mode...
Start delay calculation (fullDC) (1 T). (MEM=1018.11)
Initializing multi-corner capacitance tables ... 
Initializing multi-corner resistance tables ...
AAE_INFO: 1 threads acquired from CTE.
Total number of fetched objects 534
AAE_INFO: Total number of nets for which stage creation was skipped for all views 0
AAE_INFO-618: Total number of nets in the design is 576,  92.5 percent of the nets selected for SI analysis
Total number of fetched objects 534
AAE_INFO: Total number of nets for which stage creation was skipped for all views 0
AAE_INFO-618: Total number of nets in the design is 576,  92.5 percent of the nets selected for SI analysis
End delay calculation. (MEM=1106.18 CPU=0:00:00.2 REAL=0:00:00.0)
End delay calculation (fullDC). (MEM=1106.18 CPU=0:00:00.6 REAL=0:00:00.0)
Loading CTE timing window with TwFlowType 0...(CPU = 0:00:00.0, REAL = 0:00:00.0, MEM = 1098.2M)
Add other clocks and setupCteToAAEClockMapping during iter 1
Loading CTE timing window is completed (CPU = 0:00:00.0, REAL = 0:00:00.0, MEM = 1098.2M)
Starting SI iteration 2
Calculate early delays in OCV mode...
Calculate late delays in OCV mode...
Start delay calculation (fullDC) (1 T). (MEM=1077.3)
Glitch Analysis: View analysis_default -- Total Number of Nets Skipped = 0. 
Glitch Analysis: View analysis_default -- Total Number of Nets Analyzed = 0. 
Total number of fetched objects 534
AAE_INFO: Total number of nets for which stage creation was skipped for all views 0
AAE_INFO-618: Total number of nets in the design is 576,  0.3 percent of the nets selected for SI analysis
Total number of fetched objects 534
AAE_INFO: Total number of nets for which stage creation was skipped for all views 0
AAE_INFO-618: Total number of nets in the design is 576,  3.1 percent of the nets selected for SI analysis
End delay calculation. (MEM=1083.61 CPU=0:00:00.0 REAL=0:00:00.0)
End delay calculation (fullDC). (MEM=1083.61 CPU=0:00:00.1 REAL=0:00:00.0)
Load RC corner of view analysis_default

Begin Power Analysis

    0.00V	    VSSE
    0.00V	    VSSPST
    0.00V	    VPW
    0.00V	    VSS
    0.00V	    VDDPE
    0.00V	    VDDCE
    0.00V	    POC
    0.00V	    VDDPST
    0.00V	    VNW
    1.10V	    VDD

Begin Processing Timing Library for Power Calculation

Begin Processing Timing Library for Power Calculation



Begin Processing Power Net/Grid for Power Calculation

Ended Processing Power Net/Grid for Power Calculation: (cpu=0:00:00, real=0:00:00, mem(process/total/peak)=866.11MB/1889.06MB/866.11MB)

Begin Processing Timing Window Data for Power Calculation

ideal_clock(100MHz) CK: assigning clock ideal_clock to net clk
Ended Processing Timing Window Data for Power Calculation: (cpu=0:00:00, real=0:00:00, mem(process/total/peak)=866.11MB/1889.06MB/866.11MB)

Begin Processing User Attributes

Ended Processing User Attributes: (cpu=0:00:00, real=0:00:00, mem(process/total/peak)=866.11MB/1889.06MB/866.11MB)

Begin Processing Signal Activity


Starting Levelizing
2025-Apr-21 18:13:39 (2025-Apr-21 22:13:39 GMT)
2025-Apr-21 18:13:39 (2025-Apr-21 22:13:39 GMT): 10%
2025-Apr-21 18:13:39 (2025-Apr-21 22:13:39 GMT): 20%
2025-Apr-21 18:13:39 (2025-Apr-21 22:13:39 GMT): 30%
2025-Apr-21 18:13:39 (2025-Apr-21 22:13:39 GMT): 40%
2025-Apr-21 18:13:39 (2025-Apr-21 22:13:39 GMT): 50%
2025-Apr-21 18:13:39 (2025-Apr-21 22:13:39 GMT): 60%
2025-Apr-21 18:13:39 (2025-Apr-21 22:13:39 GMT): 70%
2025-Apr-21 18:13:39 (2025-Apr-21 22:13:39 GMT): 80%
2025-Apr-21 18:13:39 (2025-Apr-21 22:13:39 GMT): 90%

Finished Levelizing
2025-Apr-21 18:13:39 (2025-Apr-21 22:13:39 GMT)

Starting Activity Propagation
2025-Apr-21 18:13:39 (2025-Apr-21 22:13:39 GMT)
2025-Apr-21 18:13:39 (2025-Apr-21 22:13:39 GMT): 10%
2025-Apr-21 18:13:39 (2025-Apr-21 22:13:39 GMT): 20%

Finished Activity Propagation
2025-Apr-21 18:13:39 (2025-Apr-21 22:13:39 GMT)
Ended Processing Signal Activity: (cpu=0:00:00, real=0:00:00, mem(process/total/peak)=866.44MB/1889.06MB/866.44MB)

Begin Power Computation

      ----------------------------------------------------------
      # of cell(s) missing both power/leakage table: 0
      # of cell(s) missing power table: 1
      # of cell(s) missing leakage table: 1
      # of MSMV cell(s) missing power_level: 0
      ----------------------------------------------------------
CellName                                  Missing Table(s)
LOGIC0_X1                                 internal power, leakge power, 



Starting Calculating power
2025-Apr-21 18:13:39 (2025-Apr-21 22:13:39 GMT)
 ... Calculating switching power
2025-Apr-21 18:13:39 (2025-Apr-21 22:13:39 GMT): 10%
2025-Apr-21 18:13:39 (2025-Apr-21 22:13:39 GMT): 20%
2025-Apr-21 18:13:39 (2025-Apr-21 22:13:39 GMT): 30%
2025-Apr-21 18:13:39 (2025-Apr-21 22:13:39 GMT): 40%
2025-Apr-21 18:13:39 (2025-Apr-21 22:13:39 GMT): 50%
 ... Calculating internal and leakage power
2025-Apr-21 18:13:39 (2025-Apr-21 22:13:39 GMT): 60%
2025-Apr-21 18:13:39 (2025-Apr-21 22:13:39 GMT): 70%
2025-Apr-21 18:13:39 (2025-Apr-21 22:13:39 GMT): 80%
2025-Apr-21 18:13:39 (2025-Apr-21 22:13:39 GMT): 90%

Finished Calculating power
2025-Apr-21 18:13:39 (2025-Apr-21 22:13:39 GMT)
Ended Power Computation: (cpu=0:00:00, real=0:00:00, mem(process/total/peak)=867.04MB/1889.06MB/867.04MB)

Begin Processing User Attributes

Ended Processing User Attributes: (cpu=0:00:00, real=0:00:00, mem(process/total/peak)=867.04MB/1889.06MB/867.04MB)

Ended Power Analysis: (cpu=0:00:00, real=0:00:00, mem(process/total/peak)=867.04MB/1889.06MB/867.04MB)

Begin Boundary Leakage Calculation
Ended Boundary Leakage Calculation: (cpu=0:00:00, real=0:00:00,
mem(process/total/peak)=867.04MB/1889.06MB/867.04MB)
Begin Static Power Report Generation
*----------------------------------------------------------------------------------------
*	Innovus 19.10-p002_1 (64bit) 04/19/2019 15:18 (Linux 2.6.32-431.11.2.el6.x86_64)
*	
*
* 	Date & Time:	2025-Apr-21 18:13:39 (2025-Apr-21 22:13:39 GMT)
*
*----------------------------------------------------------------------------------------
*
*	Design: mult_16b_flopped
*
*	Liberty Libraries used:
*	        analysis_default: /afs/ece.cmu.edu/usr/dchinmay/Srimani_Lab/codesign/eric-codesign-aux/BETTER_mflowgen/mflowgen/build/13-cadence-innovus-route/checkpoints/design.checkpoint/save.enc.dat/libs/mmmc/stdcells.lib
*
*	Parasitic Files used:
*
*       Power View : analysis_default
*
*       User-Defined Activity : N.A.
*
*       Activity File: N.A.
*
*       Hierarchical Global Activity: N.A.
*
*       Global Activity: N.A.
*
*       Sequential Element Activity: 0.200000
*
*       Primary Input Activity: 0.200000
*
*       Default icg ratio: N.A.
*
*       Global Comb ClockGate Ratio: N.A.
*
*	Power Units = 1mW
*
*	Time Units = 1e-09 secs
*
*       report_power -hierarchy 1
*
-----------------------------------------------------------------------------------------
  16 instances have no static power
** WARN:  (VOLTUS_POWR-2152): Instance LTIELO_15 (LOGIC0_X1) has no static power. 

** WARN:  (VOLTUS_POWR-2152): Instance LTIELO_14 (LOGIC0_X1) has no static power. 

** WARN:  (VOLTUS_POWR-2152): Instance LTIELO_13 (LOGIC0_X1) has no static power. 

** WARN:  (VOLTUS_POWR-2152): Instance LTIELO_12 (LOGIC0_X1) has no static power. 

** WARN:  (VOLTUS_POWR-2152): Instance LTIELO_11 (LOGIC0_X1) has no static power. 

** WARN:  (VOLTUS_POWR-2152): Instance LTIELO_10 (LOGIC0_X1) has no static power. 

** WARN:  (VOLTUS_POWR-2152): Instance LTIELO_9 (LOGIC0_X1) has no static power. 

** WARN:  (VOLTUS_POWR-2152): Instance LTIELO_8 (LOGIC0_X1) has no static power. 

** WARN:  (VOLTUS_POWR-2152): Instance LTIELO_7 (LOGIC0_X1) has no static power. 

** WARN:  (VOLTUS_POWR-2152): Instance LTIELO_6 (LOGIC0_X1) has no static power. 

** WARN:  (VOLTUS_POWR-2152): Instance LTIELO_5 (LOGIC0_X1) has no static power. 

** WARN:  (VOLTUS_POWR-2152): Instance LTIELO_4 (LOGIC0_X1) has no static power. 

** WARN:  (VOLTUS_POWR-2152): Instance LTIELO_3 (LOGIC0_X1) has no static power. 

** WARN:  (VOLTUS_POWR-2152): Instance LTIELO_2 (LOGIC0_X1) has no static power. 

** WARN:  (VOLTUS_POWR-2152): Instance LTIELO_1 (LOGIC0_X1) has no static power. 

** WARN:  (VOLTUS_POWR-2152): Instance LTIELO (LOGIC0_X1) has no static power. 

*



Total Power
-----------------------------------------------------------------------------------------
Total Internal Power:        0.07040650 	   53.9183%
Total Switching Power:       0.04502907 	   34.4839%
Total Leakage Power:         0.01514448 	   11.5979%
Total Power:                 0.13058005
-----------------------------------------------------------------------------------------


Group                           Internal   Switching     Leakage       Total  Percentage 
                                Power      Power         Power         Power  (%)        
-----------------------------------------------------------------------------------------
Sequential                       0.02762    0.008072    0.003796     0.03948       30.24
Macro                                  0           0           0           0           0
IO                                     0           0           0           0           0
Combinational                    0.04068     0.02948     0.01129     0.08145       62.38
Clock (Combinational)           0.002107    0.007475   6.112e-05    0.009644       7.385
Clock (Sequential)                     0           0           0           0           0
-----------------------------------------------------------------------------------------
Total                            0.07041     0.04503     0.01514      0.1306         100
-----------------------------------------------------------------------------------------


Clock                           Internal   Switching     Leakage       Total  Percentage 
                                Power      Power         Power         Power  (%)        
-----------------------------------------------------------------------------------------
ideal_clock                     0.002107    0.007475   6.112e-05    0.009644       7.385
-----------------------------------------------------------------------------------------
Total                           0.002107    0.007475   6.112e-05    0.009644       7.385
-----------------------------------------------------------------------------------------
Clock: ideal_clock
Clock Period: 0.010000 usec 
Clock Toggle Rate:   200.0000 Mhz 
Clock Static Probability:  0.5000
  


Rail                  Voltage   Internal   Switching     Leakage       Total  Percentage 
                                Power      Power         Power         Power  (%)        
-----------------------------------------------------------------------------------------
VDD                       1.1    0.07041     0.04503     0.01514      0.1306         100


Hierarchy                       Internal   Switching     Leakage       Total  Percentage 
                                Power      Power         Power         Power  (%)        
-----------------------------------------------------------------------------------------
iDUT                             0.03829     0.02858     0.01057     0.07745       59.31 
 
 
-----------------------------------------------------------------------------------------
*	Power Distribution Summary: 
*              Highest Average Power:       CTS_ccl_a_buf_00007 (CLKBUF_X3):         0.004849
*              Highest Leakage Power:    product_flopped_reg_15 (DFF_X1):        7.911e-05
*                Total Cap:      2.30015e-12 F
*                Total instances in design:   397
*                Total instances in design with no power:    16
*                Total instances in design with no activty:    16

*                Total Fillers and Decap:     0
-----------------------------------------------------------------------------------------
 
Ended Static Power Report Generation: (cpu=0:00:00, real=0:00:00,
mem(process/total/peak)=867.43MB/1889.06MB/867.43MB)

