============================================================
  Generated by:           Genus(TM) Synthesis Solution 18.14-s037_1
  Generated on:           Apr 21 2025  11:43:17 pm
  Module:                 Modulus_16_flopped
  Technology library:     NangateOpenCellLibrary revision 1.0
  Operating conditions:   typical 
  Interconnect mode:      global
  Area mode:              physical library
============================================================

                                 Leakage  
   Gate    Instances    Area   Power (nW)          Library          
--------------------------------------------------------------------
AND2_X1            8     8.512    200.805    NangateOpenCellLibrary 
AND2_X2            8    10.640    401.761    NangateOpenCellLibrary 
AND3_X1            1     1.330     26.411    NangateOpenCellLibrary 
AOI211_X1          1     1.330     35.598    NangateOpenCellLibrary 
AOI21_X1           5     5.320    135.155    NangateOpenCellLibrary 
AOI21_X2           1     1.862     61.404    NangateOpenCellLibrary 
AOI22_X1           6     7.980    181.250    NangateOpenCellLibrary 
BUF_X2             1     1.064     43.061    NangateOpenCellLibrary 
DFF_X1            48   217.056   3796.365    NangateOpenCellLibrary 
FA_X1             74   314.944   5623.380    NangateOpenCellLibrary 
HA_X1              1     2.660     61.230    NangateOpenCellLibrary 
INV_X1            36    19.152    529.445    NangateOpenCellLibrary 
INV_X2             7     5.586    190.207    NangateOpenCellLibrary 
INV_X4             8    10.640    459.435    NangateOpenCellLibrary 
MUX2_X1          105   195.510   3868.250    NangateOpenCellLibrary 
NAND2_X1          64    51.072   1218.288    NangateOpenCellLibrary 
NAND2_X2          23    30.590   1078.854    NangateOpenCellLibrary 
NAND3_X1           5     5.320     90.870    NangateOpenCellLibrary 
NAND4_X1           1     1.330     17.454    NangateOpenCellLibrary 
NOR2_X1           19    15.162    414.853    NangateOpenCellLibrary 
NOR2_X2            4     5.320    185.836    NangateOpenCellLibrary 
NOR2_X4            3     7.182    283.126    NangateOpenCellLibrary 
OAI211_X1          1     1.330      5.777    NangateOpenCellLibrary 
OAI211_X2          2     4.788     24.408    NangateOpenCellLibrary 
OAI21_X1          19    20.216    477.294    NangateOpenCellLibrary 
OAI21_X2           9    16.758    455.564    NangateOpenCellLibrary 
OAI221_X1          1     1.596     20.623    NangateOpenCellLibrary 
OAI221_X2          4    11.704    177.616    NangateOpenCellLibrary 
OAI22_X1           3     3.990     99.133    NangateOpenCellLibrary 
OAI22_X2           2     4.788    123.090    NangateOpenCellLibrary 
OR2_X1            15    15.960    342.498    NangateOpenCellLibrary 
OR2_X2             1     1.330     45.656    NangateOpenCellLibrary 
OR2_X4             1     2.394     82.606    NangateOpenCellLibrary 
XNOR2_X1          51    81.396   1837.165    NangateOpenCellLibrary 
XNOR2_X2           3     7.980    186.716    NangateOpenCellLibrary 
XOR2_X1           28    44.688   1019.821    NangateOpenCellLibrary 
XOR2_X2            2     4.788    139.169    NangateOpenCellLibrary 
--------------------------------------------------------------------
total            571  1143.268  23940.175                           


                                           Leakage  Leakage 
     Type      Instances   Area   Area % Power (nW) Power % 
------------------------------------------------------------
sequential            48  217.056   19.0   3796.365    15.9 
inverter              51   35.378    3.1   1179.087     4.9 
buffer                 1    1.064    0.1     43.061     0.2 
logic                471  889.770   77.8  18921.662    79.0 
physical_cells         0    0.000    0.0      0.000     0.0 
------------------------------------------------------------
total                571 1143.268  100.0  23940.175   100.0 

