============================================================
  Generated by:           Genus(TM) Synthesis Solution 18.14-s037_1
  Generated on:           Apr 21 2025  11:43:17 pm
  Module:                 Modulus_16_flopped
  Technology library:     NangateOpenCellLibrary revision 1.0
  Operating conditions:   typical 
  Interconnect mode:      global
  Area mode:              physical library
============================================================

Timing
--------

   Clock     Period 
--------------------
ideal_clock 10000.0 


    Cost      Critical         Violating 
   Group     Path Slack  TNS     Paths   
-----------------------------------------
default        No paths   0.0            
ideal_clock         0.4   0.0          0 
-----------------------------------------
Total                     0.0          0 

Instance Count
--------------
Leaf Instance Count             571 
Physical Instance count           0 
Sequential Instance Count        48 
Combinational Instance Count    523 
Hierarchical Instance Count       1 

Area
----
Cell Area                          1143.268
Physical Cell Area                 0.000
Total Cell Area (Cell+Physical)    1143.268
Net Area                           802.312
Total Area (Cell+Physical+Net)     1945.580

Runtime                            0.0 seconds
Elapsed Runtime                    55 seconds
Genus peak memory usage            647.88 
Innovus peak memory usage          no_value 
Hostname                           ECE031.ece.local.cmu.edu
