

Working Directory = /afs/ece.cmu.edu/usr/dchinmay/Srimani_Lab/codesign/eric-codesign-aux/BETTER_mflowgen/mflowgen/build/5-cadence-genus-synthesis
QoS Summary for FloorDiv_16_flopped
================================================================================
Metric                          final          
================================================================================
Slack (ps):                         0
  R2R (ps):                         0
  I2R (ps):                     9,961
  R2O (ps):                     9,901
  I2O (ps):                  no_value
  CG  (ps):                  no_value
TNS (ps):                           0
  R2R (ps):                         0
  I2R (ps):                         0
  R2O (ps):                         0
  I2O (ps):                  no_value
  CG  (ps):                  no_value
Failing Paths:                      0
Cell Area:                      2,841
Total Cell Area:                2,841
Leaf Instances:                 1,266
Total Instances:                1,266
Utilization (%):                 0.00
Tot. Net Length (um):        no_value
Avg. Net Length (um):        no_value
Route Overflow H (%):        no_value
Route Overflow V (%):        no_value
MBCI(%) (bits/gate) :            0.00
Norm Cong Hotspot Area:
  Max Cong:                  no_value
  Tot Cong:                  no_value
================================================================================
CPU  Runtime (h:m:s):        00:00:49
Real Runtime (h:m:s):        00:00:46
CPU  Elapsed (h:m:s):        00:00:55
Real Elapsed (h:m:s):        00:00:49
Memory (MB):                   656.20
================================================================================
================================================================================
Flow Settings:
================================================================================
Total Runtime (h:m:s): 00:00:46
Total Memory (MB):     656.20
Executable Version:    18.14-s037_1
================================================================================
Total Cell Area =  Cell Area + Physical Cell Area
Total Instances =  Leaf Instances + Physical Instances


