============================================================
  Generated by:           Genus(TM) Synthesis Solution 18.14-s037_1
  Generated on:           Apr 21 2025  04:20:59 pm
  Module:                 FloorDiv_16_flopped
  Technology library:     NangateOpenCellLibrary revision 1.0
  Operating conditions:   typical 
  Interconnect mode:      global
  Area mode:              physical library
============================================================

                                 Leakage  
   Gate    Instances    Area   Power (nW)          Library          
--------------------------------------------------------------------
AND2_X1          183   194.712   4581.276    NangateOpenCellLibrary 
AND2_X2            3     3.990    151.059    NangateOpenCellLibrary 
AND3_X2            2     3.192    106.381    NangateOpenCellLibrary 
AOI21_X1           7     7.448    193.931    NangateOpenCellLibrary 
AOI21_X2           3     5.586    167.150    NangateOpenCellLibrary 
AOI22_X1           7     9.310    206.141    NangateOpenCellLibrary 
BUF_X2             1     1.064     43.061    NangateOpenCellLibrary 
DFF_X1           157   709.954  12424.910    NangateOpenCellLibrary 
FA_X1            255  1085.280  17440.244    NangateOpenCellLibrary 
HA_X1             17    45.220    930.371    NangateOpenCellLibrary 
INV_X1            63    33.516    905.246    NangateOpenCellLibrary 
INV_X2             8     6.384    229.651    NangateOpenCellLibrary 
MUX2_X1           91   169.442   3037.329    NangateOpenCellLibrary 
NAND2_X1         112    89.376   2331.066    NangateOpenCellLibrary 
NAND2_X2          16    21.280    740.838    NangateOpenCellLibrary 
NAND3_X1          12    12.768    289.026    NangateOpenCellLibrary 
NOR2_X1           71    56.658   1502.728    NangateOpenCellLibrary 
NOR2_X2            4     5.320    162.565    NangateOpenCellLibrary 
NOR3_X1            1     1.064     23.109    NangateOpenCellLibrary 
NOR3_X4            1     3.724     92.946    NangateOpenCellLibrary 
OAI211_X1          1     1.330     22.039    NangateOpenCellLibrary 
OAI211_X2          1     2.394     63.057    NangateOpenCellLibrary 
OAI211_X4          1     4.522    126.113    NangateOpenCellLibrary 
OAI21_X1          57    60.648   1560.741    NangateOpenCellLibrary 
OAI21_X2           6    11.172    299.488    NangateOpenCellLibrary 
OAI221_X1          1     1.596     38.857    NangateOpenCellLibrary 
OAI221_X2          1     2.926     77.714    NangateOpenCellLibrary 
OAI22_X1           5     6.650    135.436    NangateOpenCellLibrary 
OR2_X1            17    18.088    395.290    NangateOpenCellLibrary 
OR2_X2             1     1.330     48.148    NangateOpenCellLibrary 
OR2_X4             1     2.394     96.297    NangateOpenCellLibrary 
SDFF_X1            1     6.118    100.098    NangateOpenCellLibrary 
XNOR2_X1         111   177.156   4103.019    NangateOpenCellLibrary 
XNOR2_X2           3     7.980    186.716    NangateOpenCellLibrary 
XOR2_X1           45    71.820   2051.472    NangateOpenCellLibrary 
--------------------------------------------------------------------
total           1266  2841.412  54863.513                           


                                           Leakage  Leakage 
     Type      Instances   Area   Area % Power (nW) Power % 
------------------------------------------------------------
sequential           158  716.072   25.2  12525.008    22.8 
inverter              71   39.900    1.4   1134.897     2.1 
buffer                 1    1.064    0.0     43.061     0.1 
logic               1036 2084.376   73.4  41160.547    75.0 
physical_cells         0    0.000    0.0      0.000     0.0 
------------------------------------------------------------
total               1266 2841.412  100.0  54863.513   100.0 

