============================================================
  Generated by:           Genus(TM) Synthesis Solution 18.14-s037_1
  Generated on:           Apr 21 2025  04:20:58 pm
  Module:                 FloorDiv_16_flopped
  Technology library:     NangateOpenCellLibrary revision 1.0
  Operating conditions:   typical 
  Interconnect mode:      global
  Area mode:              physical library
============================================================

Timing
--------

   Clock     Period 
--------------------
ideal_clock 10000.0 


    Cost      Critical         Violating 
   Group     Path Slack  TNS     Paths   
-----------------------------------------
default        No paths   0.0            
ideal_clock         0.3   0.0          0 
-----------------------------------------
Total                     0.0          0 

Instance Count
--------------
Leaf Instance Count             1266 
Physical Instance count            0 
Sequential Instance Count        158 
Combinational Instance Count    1108 
Hierarchical Instance Count        1 

Area
----
Cell Area                          2841.412
Physical Cell Area                 0.000
Total Cell Area (Cell+Physical)    2841.412
Net Area                           1755.736
Total Area (Cell+Physical+Net)     4597.148

Runtime                            0.0 seconds
Elapsed Runtime                    63 seconds
Genus peak memory usage            656.20 
Innovus peak memory usage          no_value 
Hostname                           ECE031.ece.local.cmu.edu
